2024-04-23 10:57:02,036 INFO: 
                ____                _       _____  ____
               / __ ) ____ _ _____ (_)_____/ ___/ / __ \
              / __  |/ __ `// ___// // ___/\__ \ / /_/ /
             / /_/ // /_/ /(__  )/ // /__ ___/ // _, _/
            /_____/ \__,_//____//_/ \___//____//_/ |_|
     ______                   __   __                 __      __
    / ____/____   ____   ____/ /  / /   __  __ _____ / /__   / /
   / / __ / __ \ / __ \ / __  /  / /   / / / // ___// //_/  / /
  / /_/ // /_/ // /_/ // /_/ /  / /___/ /_/ // /__ / /<    /_/
  \____/ \____/ \____/ \____/  /_____/\____/ \___//_/|_|  (_)
    
Version Information: 
	BasicSR: 1.4.2
	PyTorch: 2.0.1+cu118
	TorchVision: 0.15.2+cu118
2024-04-23 10:57:02,036 INFO: 
  name: train_RealESRNetx4plus_300k_B12G4
  model_type: RealESRNetModel
  scale: 4
  num_gpu: 1
  manual_seed: 0
  gt_usm: True
  resize_prob: [0.2, 0.7, 0.1]
  resize_range: [0.2, 1.5]
  gaussian_noise_prob: 0.5
  noise_range: [1, 20]
  poisson_scale_range: [0.05, 2]
  gray_noise_prob: 0.4
  jpeg_range: [50, 95]
  second_blur_prob: 0.8
  resize_prob2: [0.3, 0.4, 0.3]
  resize_range2: [0.3, 1.2]
  gaussian_noise_prob2: 0.5
  noise_range2: [1, 15]
  poisson_scale_range2: [0.05, 1.5]
  gray_noise_prob2: 0.4
  jpeg_range2: [70, 95]
  gt_size: 512
  queue_size: 176
  datasets:[
    train:[
      name: FFHQ_train
      type: FFHQsubDataset
      dataroot_gt: data/FFHQ/train/GT
      meta_info: data/FFHQ/train/meta_info_FFHQ5000sub_GT.txt
      io_backend:[
        type: disk
      ]
      blur_kernel_size: 21
      kernel_list: ['iso', 'aniso', 'generalized_iso', 'generalized_aniso', 'plateau_iso', 'plateau_aniso']
      kernel_prob: [0.45, 0.25, 0.12, 0.03, 0.12, 0.03]
      sinc_prob: 0.1
      blur_sigma: [0.2, 3]
      betag_range: [0.5, 4]
      betap_range: [1, 2]
      blur_kernel_size2: 21
      kernel_list2: ['iso', 'aniso', 'generalized_iso', 'generalized_aniso', 'plateau_iso', 'plateau_aniso']
      kernel_prob2: [0.45, 0.25, 0.12, 0.03, 0.12, 0.03]
      sinc_prob2: 0.1
      blur_sigma2: [0.2, 1.5]
      betag_range2: [0.5, 4]
      betap_range2: [1, 2]
      final_sinc_prob: 0.8
      gt_size: 512
      use_hflip: True
      use_rot: False
      use_shuffle: True
      num_worker_per_gpu: 6
      batch_size_per_gpu: 8
      dataset_enlarge_ratio: 1
      prefetch_mode: None
      phase: train
      scale: 4
    ]
    val:[
      name: FFHQ_val
      type: PairedImageDataset
      dataroot_gt: data/FFHQ/val/GT
      dataroot_lq: data/FFHQ/val/LQ
      io_backend:[
        type: disk
      ]
      phase: val
      scale: 4
    ]
  ]
  network_g:[
    type: RRDBNet
    num_in_ch: 3
    num_out_ch: 3
    num_feat: 32
    num_block: 11
    num_grow_ch: 16
  ]
  path:[
    pretrain_network_g: D:\Code\Real-ESRGAN\experiments\train_RealESRNetx4plus_300k_B12G4\models\net_g_700000.pth
    param_key_g: params
    strict_load_g: True
    resume_state: experiments\train_RealESRNetx4plus_300k_B12G4\training_states\700000.state
    experiments_root: D:\Code\Real-ESRGAN\experiments\train_RealESRNetx4plus_300k_B12G4
    models: D:\Code\Real-ESRGAN\experiments\train_RealESRNetx4plus_300k_B12G4\models
    training_states: D:\Code\Real-ESRGAN\experiments\train_RealESRNetx4plus_300k_B12G4\training_states
    log: D:\Code\Real-ESRGAN\experiments\train_RealESRNetx4plus_300k_B12G4
    visualization: D:\Code\Real-ESRGAN\experiments\train_RealESRNetx4plus_300k_B12G4\visualization
  ]
  train:[
    ema_decay: 0.999
    optim_g:[
      type: Adam
      lr: 0.0002
      weight_decay: 0
      betas: [0.9, 0.99]
    ]
    scheduler:[
      type: MultiStepLR
      milestones: [1000000]
      gamma: 0.5
    ]
    total_iter: 750000
    warmup_iter: -1
    pixel_opt:[
      type: L1Loss
      loss_weight: 1.0
      reduction: mean
    ]
  ]
  val:[
    val_freq: 5000.0
    save_img: True
    metrics:[
      psnr:[
        type: calculate_psnr
        crop_border: 0
        test_y_channel: False
        better: higher
      ]
      niqe:[
        type: calculate_ssim
        crop_border: 0
        better: higher
      ]
    ]
  ]
  logger:[
    print_freq: 100
    save_checkpoint_freq: 5000.0
    use_tb_logger: True
    wandb:[
      project: None
      resume_id: None
    ]
  ]
  dist_params:[
    backend: nccl
    port: 29500
  ]
  dist: False
  rank: 0
  world_size: 1
  auto_resume: True
  is_train: True
  root_path: D:\Code\Real-ESRGAN

2024-04-23 10:57:02,200 INFO: Dataset [FFHQsubDataset] - FFHQ_train is built.
2024-04-23 10:57:02,200 INFO: Training statistics:
	Number of train images: 5000
	Dataset enlarge ratio: 1
	Batch size per gpu: 8
	World size (gpu number): 1
	Require iter number per epoch: 625
	Total epochs: 1200; iters: 750000.
2024-04-23 10:57:02,231 INFO: Dataset [PairedImageDataset] - FFHQ_val is built.
2024-04-23 10:57:02,231 INFO: Number of val images/folders in FFHQ_val: 400
2024-04-23 10:57:02,265 INFO: Network [RRDBNet] is created.
2024-04-23 10:57:02,285 INFO: Network: RRDBNet, with parameters: 2,018,755
2024-04-23 10:57:02,285 INFO: RRDBNet(
  (conv_first): Conv2d(3, 32, kernel_size=(3, 3), stride=(1, 1), padding=(1, 1))
  (body): Sequential(
    (0): RRDB(
      (rdb1): ResidualDenseBlock(
        (conv1): Conv2d(32, 16, kernel_size=(3, 3), stride=(1, 1), padding=(1, 1))
        (conv2): Conv2d(48, 16, kernel_size=(3, 3), stride=(1, 1), padding=(1, 1))
        (conv3): Conv2d(64, 16, kernel_size=(3, 3), stride=(1, 1), padding=(1, 1))
        (conv4): Conv2d(80, 16, kernel_size=(3, 3), stride=(1, 1), padding=(1, 1))
        (conv5): Conv2d(96, 32, kernel_size=(3, 3), stride=(1, 1), padding=(1, 1))
        (lrelu): LeakyReLU(negative_slope=0.2, inplace=True)
      )
      (rdb2): ResidualDenseBlock(
        (conv1): Conv2d(32, 16, kernel_size=(3, 3), stride=(1, 1), padding=(1, 1))
        (conv2): Conv2d(48, 16, kernel_size=(3, 3), stride=(1, 1), padding=(1, 1))
        (conv3): Conv2d(64, 16, kernel_size=(3, 3), stride=(1, 1), padding=(1, 1))
        (conv4): Conv2d(80, 16, kernel_size=(3, 3), stride=(1, 1), padding=(1, 1))
        (conv5): Conv2d(96, 32, kernel_size=(3, 3), stride=(1, 1), padding=(1, 1))
        (lrelu): LeakyReLU(negative_slope=0.2, inplace=True)
      )
      (rdb3): ResidualDenseBlock(
        (conv1): Conv2d(32, 16, kernel_size=(3, 3), stride=(1, 1), padding=(1, 1))
        (conv2): Conv2d(48, 16, kernel_size=(3, 3), stride=(1, 1), padding=(1, 1))
        (conv3): Conv2d(64, 16, kernel_size=(3, 3), stride=(1, 1), padding=(1, 1))
        (conv4): Conv2d(80, 16, kernel_size=(3, 3), stride=(1, 1), padding=(1, 1))
        (conv5): Conv2d(96, 32, kernel_size=(3, 3), stride=(1, 1), padding=(1, 1))
        (lrelu): LeakyReLU(negative_slope=0.2, inplace=True)
      )
    )
    (1): RRDB(
      (rdb1): ResidualDenseBlock(
        (conv1): Conv2d(32, 16, kernel_size=(3, 3), stride=(1, 1), padding=(1, 1))
        (conv2): Conv2d(48, 16, kernel_size=(3, 3), stride=(1, 1), padding=(1, 1))
        (conv3): Conv2d(64, 16, kernel_size=(3, 3), stride=(1, 1), padding=(1, 1))
        (conv4): Conv2d(80, 16, kernel_size=(3, 3), stride=(1, 1), padding=(1, 1))
        (conv5): Conv2d(96, 32, kernel_size=(3, 3), stride=(1, 1), padding=(1, 1))
        (lrelu): LeakyReLU(negative_slope=0.2, inplace=True)
      )
      (rdb2): ResidualDenseBlock(
        (conv1): Conv2d(32, 16, kernel_size=(3, 3), stride=(1, 1), padding=(1, 1))
        (conv2): Conv2d(48, 16, kernel_size=(3, 3), stride=(1, 1), padding=(1, 1))
        (conv3): Conv2d(64, 16, kernel_size=(3, 3), stride=(1, 1), padding=(1, 1))
        (conv4): Conv2d(80, 16, kernel_size=(3, 3), stride=(1, 1), padding=(1, 1))
        (conv5): Conv2d(96, 32, kernel_size=(3, 3), stride=(1, 1), padding=(1, 1))
        (lrelu): LeakyReLU(negative_slope=0.2, inplace=True)
      )
      (rdb3): ResidualDenseBlock(
        (conv1): Conv2d(32, 16, kernel_size=(3, 3), stride=(1, 1), padding=(1, 1))
        (conv2): Conv2d(48, 16, kernel_size=(3, 3), stride=(1, 1), padding=(1, 1))
        (conv3): Conv2d(64, 16, kernel_size=(3, 3), stride=(1, 1), padding=(1, 1))
        (conv4): Conv2d(80, 16, kernel_size=(3, 3), stride=(1, 1), padding=(1, 1))
        (conv5): Conv2d(96, 32, kernel_size=(3, 3), stride=(1, 1), padding=(1, 1))
        (lrelu): LeakyReLU(negative_slope=0.2, inplace=True)
      )
    )
    (2): RRDB(
      (rdb1): ResidualDenseBlock(
        (conv1): Conv2d(32, 16, kernel_size=(3, 3), stride=(1, 1), padding=(1, 1))
        (conv2): Conv2d(48, 16, kernel_size=(3, 3), stride=(1, 1), padding=(1, 1))
        (conv3): Conv2d(64, 16, kernel_size=(3, 3), stride=(1, 1), padding=(1, 1))
        (conv4): Conv2d(80, 16, kernel_size=(3, 3), stride=(1, 1), padding=(1, 1))
        (conv5): Conv2d(96, 32, kernel_size=(3, 3), stride=(1, 1), padding=(1, 1))
        (lrelu): LeakyReLU(negative_slope=0.2, inplace=True)
      )
      (rdb2): ResidualDenseBlock(
        (conv1): Conv2d(32, 16, kernel_size=(3, 3), stride=(1, 1), padding=(1, 1))
        (conv2): Conv2d(48, 16, kernel_size=(3, 3), stride=(1, 1), padding=(1, 1))
        (conv3): Conv2d(64, 16, kernel_size=(3, 3), stride=(1, 1), padding=(1, 1))
        (conv4): Conv2d(80, 16, kernel_size=(3, 3), stride=(1, 1), padding=(1, 1))
        (conv5): Conv2d(96, 32, kernel_size=(3, 3), stride=(1, 1), padding=(1, 1))
        (lrelu): LeakyReLU(negative_slope=0.2, inplace=True)
      )
      (rdb3): ResidualDenseBlock(
        (conv1): Conv2d(32, 16, kernel_size=(3, 3), stride=(1, 1), padding=(1, 1))
        (conv2): Conv2d(48, 16, kernel_size=(3, 3), stride=(1, 1), padding=(1, 1))
        (conv3): Conv2d(64, 16, kernel_size=(3, 3), stride=(1, 1), padding=(1, 1))
        (conv4): Conv2d(80, 16, kernel_size=(3, 3), stride=(1, 1), padding=(1, 1))
        (conv5): Conv2d(96, 32, kernel_size=(3, 3), stride=(1, 1), padding=(1, 1))
        (lrelu): LeakyReLU(negative_slope=0.2, inplace=True)
      )
    )
    (3): RRDB(
      (rdb1): ResidualDenseBlock(
        (conv1): Conv2d(32, 16, kernel_size=(3, 3), stride=(1, 1), padding=(1, 1))
        (conv2): Conv2d(48, 16, kernel_size=(3, 3), stride=(1, 1), padding=(1, 1))
        (conv3): Conv2d(64, 16, kernel_size=(3, 3), stride=(1, 1), padding=(1, 1))
        (conv4): Conv2d(80, 16, kernel_size=(3, 3), stride=(1, 1), padding=(1, 1))
        (conv5): Conv2d(96, 32, kernel_size=(3, 3), stride=(1, 1), padding=(1, 1))
        (lrelu): LeakyReLU(negative_slope=0.2, inplace=True)
      )
      (rdb2): ResidualDenseBlock(
        (conv1): Conv2d(32, 16, kernel_size=(3, 3), stride=(1, 1), padding=(1, 1))
        (conv2): Conv2d(48, 16, kernel_size=(3, 3), stride=(1, 1), padding=(1, 1))
        (conv3): Conv2d(64, 16, kernel_size=(3, 3), stride=(1, 1), padding=(1, 1))
        (conv4): Conv2d(80, 16, kernel_size=(3, 3), stride=(1, 1), padding=(1, 1))
        (conv5): Conv2d(96, 32, kernel_size=(3, 3), stride=(1, 1), padding=(1, 1))
        (lrelu): LeakyReLU(negative_slope=0.2, inplace=True)
      )
      (rdb3): ResidualDenseBlock(
        (conv1): Conv2d(32, 16, kernel_size=(3, 3), stride=(1, 1), padding=(1, 1))
        (conv2): Conv2d(48, 16, kernel_size=(3, 3), stride=(1, 1), padding=(1, 1))
        (conv3): Conv2d(64, 16, kernel_size=(3, 3), stride=(1, 1), padding=(1, 1))
        (conv4): Conv2d(80, 16, kernel_size=(3, 3), stride=(1, 1), padding=(1, 1))
        (conv5): Conv2d(96, 32, kernel_size=(3, 3), stride=(1, 1), padding=(1, 1))
        (lrelu): LeakyReLU(negative_slope=0.2, inplace=True)
      )
    )
    (4): RRDB(
      (rdb1): ResidualDenseBlock(
        (conv1): Conv2d(32, 16, kernel_size=(3, 3), stride=(1, 1), padding=(1, 1))
        (conv2): Conv2d(48, 16, kernel_size=(3, 3), stride=(1, 1), padding=(1, 1))
        (conv3): Conv2d(64, 16, kernel_size=(3, 3), stride=(1, 1), padding=(1, 1))
        (conv4): Conv2d(80, 16, kernel_size=(3, 3), stride=(1, 1), padding=(1, 1))
        (conv5): Conv2d(96, 32, kernel_size=(3, 3), stride=(1, 1), padding=(1, 1))
        (lrelu): LeakyReLU(negative_slope=0.2, inplace=True)
      )
      (rdb2): ResidualDenseBlock(
        (conv1): Conv2d(32, 16, kernel_size=(3, 3), stride=(1, 1), padding=(1, 1))
        (conv2): Conv2d(48, 16, kernel_size=(3, 3), stride=(1, 1), padding=(1, 1))
        (conv3): Conv2d(64, 16, kernel_size=(3, 3), stride=(1, 1), padding=(1, 1))
        (conv4): Conv2d(80, 16, kernel_size=(3, 3), stride=(1, 1), padding=(1, 1))
        (conv5): Conv2d(96, 32, kernel_size=(3, 3), stride=(1, 1), padding=(1, 1))
        (lrelu): LeakyReLU(negative_slope=0.2, inplace=True)
      )
      (rdb3): ResidualDenseBlock(
        (conv1): Conv2d(32, 16, kernel_size=(3, 3), stride=(1, 1), padding=(1, 1))
        (conv2): Conv2d(48, 16, kernel_size=(3, 3), stride=(1, 1), padding=(1, 1))
        (conv3): Conv2d(64, 16, kernel_size=(3, 3), stride=(1, 1), padding=(1, 1))
        (conv4): Conv2d(80, 16, kernel_size=(3, 3), stride=(1, 1), padding=(1, 1))
        (conv5): Conv2d(96, 32, kernel_size=(3, 3), stride=(1, 1), padding=(1, 1))
        (lrelu): LeakyReLU(negative_slope=0.2, inplace=True)
      )
    )
    (5): RRDB(
      (rdb1): ResidualDenseBlock(
        (conv1): Conv2d(32, 16, kernel_size=(3, 3), stride=(1, 1), padding=(1, 1))
        (conv2): Conv2d(48, 16, kernel_size=(3, 3), stride=(1, 1), padding=(1, 1))
        (conv3): Conv2d(64, 16, kernel_size=(3, 3), stride=(1, 1), padding=(1, 1))
        (conv4): Conv2d(80, 16, kernel_size=(3, 3), stride=(1, 1), padding=(1, 1))
        (conv5): Conv2d(96, 32, kernel_size=(3, 3), stride=(1, 1), padding=(1, 1))
        (lrelu): LeakyReLU(negative_slope=0.2, inplace=True)
      )
      (rdb2): ResidualDenseBlock(
        (conv1): Conv2d(32, 16, kernel_size=(3, 3), stride=(1, 1), padding=(1, 1))
        (conv2): Conv2d(48, 16, kernel_size=(3, 3), stride=(1, 1), padding=(1, 1))
        (conv3): Conv2d(64, 16, kernel_size=(3, 3), stride=(1, 1), padding=(1, 1))
        (conv4): Conv2d(80, 16, kernel_size=(3, 3), stride=(1, 1), padding=(1, 1))
        (conv5): Conv2d(96, 32, kernel_size=(3, 3), stride=(1, 1), padding=(1, 1))
        (lrelu): LeakyReLU(negative_slope=0.2, inplace=True)
      )
      (rdb3): ResidualDenseBlock(
        (conv1): Conv2d(32, 16, kernel_size=(3, 3), stride=(1, 1), padding=(1, 1))
        (conv2): Conv2d(48, 16, kernel_size=(3, 3), stride=(1, 1), padding=(1, 1))
        (conv3): Conv2d(64, 16, kernel_size=(3, 3), stride=(1, 1), padding=(1, 1))
        (conv4): Conv2d(80, 16, kernel_size=(3, 3), stride=(1, 1), padding=(1, 1))
        (conv5): Conv2d(96, 32, kernel_size=(3, 3), stride=(1, 1), padding=(1, 1))
        (lrelu): LeakyReLU(negative_slope=0.2, inplace=True)
      )
    )
    (6): RRDB(
      (rdb1): ResidualDenseBlock(
        (conv1): Conv2d(32, 16, kernel_size=(3, 3), stride=(1, 1), padding=(1, 1))
        (conv2): Conv2d(48, 16, kernel_size=(3, 3), stride=(1, 1), padding=(1, 1))
        (conv3): Conv2d(64, 16, kernel_size=(3, 3), stride=(1, 1), padding=(1, 1))
        (conv4): Conv2d(80, 16, kernel_size=(3, 3), stride=(1, 1), padding=(1, 1))
        (conv5): Conv2d(96, 32, kernel_size=(3, 3), stride=(1, 1), padding=(1, 1))
        (lrelu): LeakyReLU(negative_slope=0.2, inplace=True)
      )
      (rdb2): ResidualDenseBlock(
        (conv1): Conv2d(32, 16, kernel_size=(3, 3), stride=(1, 1), padding=(1, 1))
        (conv2): Conv2d(48, 16, kernel_size=(3, 3), stride=(1, 1), padding=(1, 1))
        (conv3): Conv2d(64, 16, kernel_size=(3, 3), stride=(1, 1), padding=(1, 1))
        (conv4): Conv2d(80, 16, kernel_size=(3, 3), stride=(1, 1), padding=(1, 1))
        (conv5): Conv2d(96, 32, kernel_size=(3, 3), stride=(1, 1), padding=(1, 1))
        (lrelu): LeakyReLU(negative_slope=0.2, inplace=True)
      )
      (rdb3): ResidualDenseBlock(
        (conv1): Conv2d(32, 16, kernel_size=(3, 3), stride=(1, 1), padding=(1, 1))
        (conv2): Conv2d(48, 16, kernel_size=(3, 3), stride=(1, 1), padding=(1, 1))
        (conv3): Conv2d(64, 16, kernel_size=(3, 3), stride=(1, 1), padding=(1, 1))
        (conv4): Conv2d(80, 16, kernel_size=(3, 3), stride=(1, 1), padding=(1, 1))
        (conv5): Conv2d(96, 32, kernel_size=(3, 3), stride=(1, 1), padding=(1, 1))
        (lrelu): LeakyReLU(negative_slope=0.2, inplace=True)
      )
    )
    (7): RRDB(
      (rdb1): ResidualDenseBlock(
        (conv1): Conv2d(32, 16, kernel_size=(3, 3), stride=(1, 1), padding=(1, 1))
        (conv2): Conv2d(48, 16, kernel_size=(3, 3), stride=(1, 1), padding=(1, 1))
        (conv3): Conv2d(64, 16, kernel_size=(3, 3), stride=(1, 1), padding=(1, 1))
        (conv4): Conv2d(80, 16, kernel_size=(3, 3), stride=(1, 1), padding=(1, 1))
        (conv5): Conv2d(96, 32, kernel_size=(3, 3), stride=(1, 1), padding=(1, 1))
        (lrelu): LeakyReLU(negative_slope=0.2, inplace=True)
      )
      (rdb2): ResidualDenseBlock(
        (conv1): Conv2d(32, 16, kernel_size=(3, 3), stride=(1, 1), padding=(1, 1))
        (conv2): Conv2d(48, 16, kernel_size=(3, 3), stride=(1, 1), padding=(1, 1))
        (conv3): Conv2d(64, 16, kernel_size=(3, 3), stride=(1, 1), padding=(1, 1))
        (conv4): Conv2d(80, 16, kernel_size=(3, 3), stride=(1, 1), padding=(1, 1))
        (conv5): Conv2d(96, 32, kernel_size=(3, 3), stride=(1, 1), padding=(1, 1))
        (lrelu): LeakyReLU(negative_slope=0.2, inplace=True)
      )
      (rdb3): ResidualDenseBlock(
        (conv1): Conv2d(32, 16, kernel_size=(3, 3), stride=(1, 1), padding=(1, 1))
        (conv2): Conv2d(48, 16, kernel_size=(3, 3), stride=(1, 1), padding=(1, 1))
        (conv3): Conv2d(64, 16, kernel_size=(3, 3), stride=(1, 1), padding=(1, 1))
        (conv4): Conv2d(80, 16, kernel_size=(3, 3), stride=(1, 1), padding=(1, 1))
        (conv5): Conv2d(96, 32, kernel_size=(3, 3), stride=(1, 1), padding=(1, 1))
        (lrelu): LeakyReLU(negative_slope=0.2, inplace=True)
      )
    )
    (8): RRDB(
      (rdb1): ResidualDenseBlock(
        (conv1): Conv2d(32, 16, kernel_size=(3, 3), stride=(1, 1), padding=(1, 1))
        (conv2): Conv2d(48, 16, kernel_size=(3, 3), stride=(1, 1), padding=(1, 1))
        (conv3): Conv2d(64, 16, kernel_size=(3, 3), stride=(1, 1), padding=(1, 1))
        (conv4): Conv2d(80, 16, kernel_size=(3, 3), stride=(1, 1), padding=(1, 1))
        (conv5): Conv2d(96, 32, kernel_size=(3, 3), stride=(1, 1), padding=(1, 1))
        (lrelu): LeakyReLU(negative_slope=0.2, inplace=True)
      )
      (rdb2): ResidualDenseBlock(
        (conv1): Conv2d(32, 16, kernel_size=(3, 3), stride=(1, 1), padding=(1, 1))
        (conv2): Conv2d(48, 16, kernel_size=(3, 3), stride=(1, 1), padding=(1, 1))
        (conv3): Conv2d(64, 16, kernel_size=(3, 3), stride=(1, 1), padding=(1, 1))
        (conv4): Conv2d(80, 16, kernel_size=(3, 3), stride=(1, 1), padding=(1, 1))
        (conv5): Conv2d(96, 32, kernel_size=(3, 3), stride=(1, 1), padding=(1, 1))
        (lrelu): LeakyReLU(negative_slope=0.2, inplace=True)
      )
      (rdb3): ResidualDenseBlock(
        (conv1): Conv2d(32, 16, kernel_size=(3, 3), stride=(1, 1), padding=(1, 1))
        (conv2): Conv2d(48, 16, kernel_size=(3, 3), stride=(1, 1), padding=(1, 1))
        (conv3): Conv2d(64, 16, kernel_size=(3, 3), stride=(1, 1), padding=(1, 1))
        (conv4): Conv2d(80, 16, kernel_size=(3, 3), stride=(1, 1), padding=(1, 1))
        (conv5): Conv2d(96, 32, kernel_size=(3, 3), stride=(1, 1), padding=(1, 1))
        (lrelu): LeakyReLU(negative_slope=0.2, inplace=True)
      )
    )
    (9): RRDB(
      (rdb1): ResidualDenseBlock(
        (conv1): Conv2d(32, 16, kernel_size=(3, 3), stride=(1, 1), padding=(1, 1))
        (conv2): Conv2d(48, 16, kernel_size=(3, 3), stride=(1, 1), padding=(1, 1))
        (conv3): Conv2d(64, 16, kernel_size=(3, 3), stride=(1, 1), padding=(1, 1))
        (conv4): Conv2d(80, 16, kernel_size=(3, 3), stride=(1, 1), padding=(1, 1))
        (conv5): Conv2d(96, 32, kernel_size=(3, 3), stride=(1, 1), padding=(1, 1))
        (lrelu): LeakyReLU(negative_slope=0.2, inplace=True)
      )
      (rdb2): ResidualDenseBlock(
        (conv1): Conv2d(32, 16, kernel_size=(3, 3), stride=(1, 1), padding=(1, 1))
        (conv2): Conv2d(48, 16, kernel_size=(3, 3), stride=(1, 1), padding=(1, 1))
        (conv3): Conv2d(64, 16, kernel_size=(3, 3), stride=(1, 1), padding=(1, 1))
        (conv4): Conv2d(80, 16, kernel_size=(3, 3), stride=(1, 1), padding=(1, 1))
        (conv5): Conv2d(96, 32, kernel_size=(3, 3), stride=(1, 1), padding=(1, 1))
        (lrelu): LeakyReLU(negative_slope=0.2, inplace=True)
      )
      (rdb3): ResidualDenseBlock(
        (conv1): Conv2d(32, 16, kernel_size=(3, 3), stride=(1, 1), padding=(1, 1))
        (conv2): Conv2d(48, 16, kernel_size=(3, 3), stride=(1, 1), padding=(1, 1))
        (conv3): Conv2d(64, 16, kernel_size=(3, 3), stride=(1, 1), padding=(1, 1))
        (conv4): Conv2d(80, 16, kernel_size=(3, 3), stride=(1, 1), padding=(1, 1))
        (conv5): Conv2d(96, 32, kernel_size=(3, 3), stride=(1, 1), padding=(1, 1))
        (lrelu): LeakyReLU(negative_slope=0.2, inplace=True)
      )
    )
    (10): RRDB(
      (rdb1): ResidualDenseBlock(
        (conv1): Conv2d(32, 16, kernel_size=(3, 3), stride=(1, 1), padding=(1, 1))
        (conv2): Conv2d(48, 16, kernel_size=(3, 3), stride=(1, 1), padding=(1, 1))
        (conv3): Conv2d(64, 16, kernel_size=(3, 3), stride=(1, 1), padding=(1, 1))
        (conv4): Conv2d(80, 16, kernel_size=(3, 3), stride=(1, 1), padding=(1, 1))
        (conv5): Conv2d(96, 32, kernel_size=(3, 3), stride=(1, 1), padding=(1, 1))
        (lrelu): LeakyReLU(negative_slope=0.2, inplace=True)
      )
      (rdb2): ResidualDenseBlock(
        (conv1): Conv2d(32, 16, kernel_size=(3, 3), stride=(1, 1), padding=(1, 1))
        (conv2): Conv2d(48, 16, kernel_size=(3, 3), stride=(1, 1), padding=(1, 1))
        (conv3): Conv2d(64, 16, kernel_size=(3, 3), stride=(1, 1), padding=(1, 1))
        (conv4): Conv2d(80, 16, kernel_size=(3, 3), stride=(1, 1), padding=(1, 1))
        (conv5): Conv2d(96, 32, kernel_size=(3, 3), stride=(1, 1), padding=(1, 1))
        (lrelu): LeakyReLU(negative_slope=0.2, inplace=True)
      )
      (rdb3): ResidualDenseBlock(
        (conv1): Conv2d(32, 16, kernel_size=(3, 3), stride=(1, 1), padding=(1, 1))
        (conv2): Conv2d(48, 16, kernel_size=(3, 3), stride=(1, 1), padding=(1, 1))
        (conv3): Conv2d(64, 16, kernel_size=(3, 3), stride=(1, 1), padding=(1, 1))
        (conv4): Conv2d(80, 16, kernel_size=(3, 3), stride=(1, 1), padding=(1, 1))
        (conv5): Conv2d(96, 32, kernel_size=(3, 3), stride=(1, 1), padding=(1, 1))
        (lrelu): LeakyReLU(negative_slope=0.2, inplace=True)
      )
    )
  )
  (conv_body): Conv2d(32, 32, kernel_size=(3, 3), stride=(1, 1), padding=(1, 1))
  (conv_up1): Conv2d(32, 32, kernel_size=(3, 3), stride=(1, 1), padding=(1, 1))
  (conv_up2): Conv2d(32, 32, kernel_size=(3, 3), stride=(1, 1), padding=(1, 1))
  (conv_hr): Conv2d(32, 32, kernel_size=(3, 3), stride=(1, 1), padding=(1, 1))
  (conv_last): Conv2d(32, 3, kernel_size=(3, 3), stride=(1, 1), padding=(1, 1))
  (lrelu): LeakyReLU(negative_slope=0.2, inplace=True)
)
2024-04-23 10:57:02,313 INFO: Loading RRDBNet model from D:\Code\Real-ESRGAN\experiments\train_RealESRNetx4plus_300k_B12G4\models\net_g_700000.pth, with param key: [params].
2024-04-23 10:57:02,342 INFO: Use Exponential Moving Average with decay: 0.999
2024-04-23 10:57:02,374 INFO: Network [RRDBNet] is created.
2024-04-23 10:57:02,419 INFO: Loading RRDBNet model from D:\Code\Real-ESRGAN\experiments\train_RealESRNetx4plus_300k_B12G4\models\net_g_700000.pth, with param key: [params_ema].
2024-04-23 10:57:02,444 INFO: Loss [L1Loss] is created.
2024-04-23 10:57:02,462 INFO: Model [RealESRNetModel] is created.
2024-04-23 10:57:03,481 INFO: Resuming training from epoch: 1116, iter: 700000.
2024-04-23 10:57:16,442 INFO: Start training from epoch: 1116, iter: 700000
2024-04-23 10:58:10,397 INFO: [train..][epoch:1116, iter: 700,100, lr:(2.000e-04,)] [eta: 9:10:59, time (data): 0.540 (0.142)] l_pix: 3.4672e-02 
2024-04-23 10:58:43,989 INFO: [train..][epoch:1116, iter: 700,200, lr:(2.000e-04,)] [eta: 6:55:01, time (data): 0.438 (0.073)] l_pix: 3.5069e-02 
2024-04-23 10:59:17,663 INFO: [train..][epoch:1116, iter: 700,300, lr:(2.000e-04,)] [eta: 6:09:15, time (data): 0.337 (0.004)] l_pix: 3.6778e-02 
2024-04-23 10:59:51,258 INFO: [train..][epoch:1116, iter: 700,400, lr:(2.000e-04,)] [eta: 5:45:52, time (data): 0.336 (0.003)] l_pix: 4.1106e-02 
2024-04-23 11:00:24,829 INFO: [train..][epoch:1116, iter: 700,500, lr:(2.000e-04,)] [eta: 5:31:33, time (data): 0.336 (0.003)] l_pix: 3.1328e-02 
2024-04-23 11:00:58,481 INFO: [train..][epoch:1116, iter: 700,600, lr:(2.000e-04,)] [eta: 5:21:55, time (data): 0.336 (0.003)] l_pix: 3.4400e-02 
2024-04-23 11:01:45,971 INFO: [train..][epoch:1117, iter: 700,700, lr:(2.000e-04,)] [eta: 5:31:05, time (data): 0.479 (0.143)] l_pix: 3.2522e-02 
2024-04-23 11:02:19,532 INFO: [train..][epoch:1117, iter: 700,800, lr:(2.000e-04,)] [eta: 5:23:32, time (data): 0.406 (0.073)] l_pix: 3.8315e-02 
2024-04-23 11:02:53,020 INFO: [train..][epoch:1117, iter: 700,900, lr:(2.000e-04,)] [eta: 5:17:27, time (data): 0.335 (0.004)] l_pix: 3.2720e-02 
2024-04-23 11:03:26,880 INFO: [train..][epoch:1117, iter: 701,000, lr:(2.000e-04,)] [eta: 5:12:47, time (data): 0.337 (0.003)] l_pix: 3.6441e-02 
2024-04-23 11:04:00,531 INFO: [train..][epoch:1117, iter: 701,100, lr:(2.000e-04,)] [eta: 5:08:42, time (data): 0.336 (0.005)] l_pix: 3.2794e-02 
2024-04-23 11:04:34,205 INFO: [train..][epoch:1117, iter: 701,200, lr:(2.000e-04,)] [eta: 5:05:13, time (data): 0.337 (0.004)] l_pix: 3.6566e-02 
2024-04-23 11:05:21,631 INFO: [train..][epoch:1118, iter: 701,300, lr:(2.000e-04,)] [eta: 5:10:46, time (data): 0.483 (0.147)] l_pix: 3.3699e-02 
2024-04-23 11:05:55,269 INFO: [train..][epoch:1118, iter: 701,400, lr:(2.000e-04,)] [eta: 5:07:27, time (data): 0.407 (0.073)] l_pix: 4.0882e-02 
2024-04-23 11:06:28,866 INFO: [train..][epoch:1118, iter: 701,500, lr:(2.000e-04,)] [eta: 5:04:28, time (data): 0.336 (0.003)] l_pix: 3.4180e-02 
2024-04-23 11:07:02,545 INFO: [train..][epoch:1118, iter: 701,600, lr:(2.000e-04,)] [eta: 5:01:50, time (data): 0.336 (0.004)] l_pix: 3.5738e-02 
2024-04-23 11:07:36,327 INFO: [train..][epoch:1118, iter: 701,700, lr:(2.000e-04,)] [eta: 4:59:29, time (data): 0.337 (0.005)] l_pix: 3.6600e-02 
2024-04-23 11:08:10,013 INFO: [train..][epoch:1118, iter: 701,800, lr:(2.000e-04,)] [eta: 4:57:17, time (data): 0.337 (0.004)] l_pix: 3.7116e-02 
2024-04-23 11:08:57,393 INFO: [train..][epoch:1119, iter: 701,900, lr:(2.000e-04,)] [eta: 5:01:03, time (data): 0.487 (0.152)] l_pix: 3.9199e-02 
2024-04-23 11:09:31,031 INFO: [train..][epoch:1119, iter: 702,000, lr:(2.000e-04,)] [eta: 4:58:51, time (data): 0.408 (0.074)] l_pix: 2.8148e-02 
2024-04-23 11:10:04,745 INFO: [train..][epoch:1119, iter: 702,100, lr:(2.000e-04,)] [eta: 4:56:51, time (data): 0.337 (0.004)] l_pix: 3.1597e-02 
2024-04-23 11:10:38,421 INFO: [train..][epoch:1119, iter: 702,200, lr:(2.000e-04,)] [eta: 4:54:58, time (data): 0.337 (0.003)] l_pix: 2.7960e-02 
2024-04-23 11:11:12,110 INFO: [train..][epoch:1119, iter: 702,300, lr:(2.000e-04,)] [eta: 4:53:11, time (data): 0.337 (0.004)] l_pix: 2.6724e-02 
2024-04-23 11:11:45,846 INFO: [train..][epoch:1119, iter: 702,400, lr:(2.000e-04,)] [eta: 4:51:32, time (data): 0.337 (0.004)] l_pix: 4.0353e-02 
2024-04-23 11:12:19,650 INFO: [train..][epoch:1119, iter: 702,500, lr:(2.000e-04,)] [eta: 4:49:59, time (data): 0.338 (0.005)] l_pix: 3.2765e-02 
2024-04-23 11:13:07,248 INFO: [train..][epoch:1120, iter: 702,600, lr:(2.000e-04,)] [eta: 4:52:43, time (data): 0.411 (0.077)] l_pix: 3.5659e-02 
2024-04-23 11:13:40,934 INFO: [train..][epoch:1120, iter: 702,700, lr:(2.000e-04,)] [eta: 4:51:07, time (data): 0.337 (0.003)] l_pix: 3.7715e-02 
2024-04-23 11:14:14,701 INFO: [train..][epoch:1120, iter: 702,800, lr:(2.000e-04,)] [eta: 4:49:36, time (data): 0.337 (0.003)] l_pix: 3.7355e-02 
2024-04-23 11:14:48,278 INFO: [train..][epoch:1120, iter: 702,900, lr:(2.000e-04,)] [eta: 4:48:07, time (data): 0.336 (0.004)] l_pix: 2.8170e-02 
2024-04-23 11:15:21,963 INFO: [train..][epoch:1120, iter: 703,000, lr:(2.000e-04,)] [eta: 4:46:43, time (data): 0.336 (0.003)] l_pix: 3.4079e-02 
2024-04-23 11:15:55,714 INFO: [train..][epoch:1120, iter: 703,100, lr:(2.000e-04,)] [eta: 4:45:23, time (data): 0.337 (0.003)] l_pix: 2.8384e-02 
2024-04-23 11:16:43,143 INFO: [train..][epoch:1121, iter: 703,200, lr:(2.000e-04,)] [eta: 4:47:26, time (data): 0.411 (0.077)] l_pix: 3.5573e-02 
2024-04-23 11:17:16,865 INFO: [train..][epoch:1121, iter: 703,300, lr:(2.000e-04,)] [eta: 4:46:05, time (data): 0.336 (0.004)] l_pix: 3.4809e-02 
2024-04-23 11:17:50,635 INFO: [train..][epoch:1121, iter: 703,400, lr:(2.000e-04,)] [eta: 4:44:47, time (data): 0.337 (0.003)] l_pix: 3.4524e-02 
2024-04-23 11:18:24,394 INFO: [train..][epoch:1121, iter: 703,500, lr:(2.000e-04,)] [eta: 4:43:32, time (data): 0.338 (0.004)] l_pix: 3.9074e-02 
2024-04-23 11:18:58,147 INFO: [train..][epoch:1121, iter: 703,600, lr:(2.000e-04,)] [eta: 4:42:19, time (data): 0.338 (0.004)] l_pix: 3.1836e-02 
2024-04-23 11:19:31,880 INFO: [train..][epoch:1121, iter: 703,700, lr:(2.000e-04,)] [eta: 4:41:08, time (data): 0.337 (0.003)] l_pix: 3.1372e-02 
2024-04-23 11:20:19,506 INFO: [train..][epoch:1122, iter: 703,800, lr:(2.000e-04,)] [eta: 4:42:47, time (data): 0.414 (0.078)] l_pix: 3.1924e-02 
2024-04-23 11:20:53,246 INFO: [train..][epoch:1122, iter: 703,900, lr:(2.000e-04,)] [eta: 4:41:35, time (data): 0.336 (0.005)] l_pix: 3.6348e-02 
2024-04-23 11:21:27,085 INFO: [train..][epoch:1122, iter: 704,000, lr:(2.000e-04,)] [eta: 4:40:26, time (data): 0.338 (0.005)] l_pix: 4.7934e-02 
2024-04-23 11:22:01,046 INFO: [train..][epoch:1122, iter: 704,100, lr:(2.000e-04,)] [eta: 4:39:20, time (data): 0.339 (0.004)] l_pix: 2.8313e-02 
2024-04-23 11:22:34,671 INFO: [train..][epoch:1122, iter: 704,200, lr:(2.000e-04,)] [eta: 4:38:12, time (data): 0.338 (0.004)] l_pix: 3.1693e-02 
2024-04-23 11:23:08,269 INFO: [train..][epoch:1122, iter: 704,300, lr:(2.000e-04,)] [eta: 4:37:06, time (data): 0.336 (0.003)] l_pix: 3.4971e-02 
2024-04-23 11:23:55,786 INFO: [train..][epoch:1123, iter: 704,400, lr:(2.000e-04,)] [eta: 4:38:25, time (data): 0.414 (0.079)] l_pix: 2.9490e-02 
2024-04-23 11:24:29,475 INFO: [train..][epoch:1123, iter: 704,500, lr:(2.000e-04,)] [eta: 4:37:18, time (data): 0.337 (0.003)] l_pix: 3.3556e-02 
2024-04-23 11:25:03,187 INFO: [train..][epoch:1123, iter: 704,600, lr:(2.000e-04,)] [eta: 4:36:14, time (data): 0.337 (0.003)] l_pix: 3.0651e-02 
2024-04-23 11:25:37,076 INFO: [train..][epoch:1123, iter: 704,700, lr:(2.000e-04,)] [eta: 4:35:12, time (data): 0.338 (0.003)] l_pix: 3.3345e-02 
2024-04-23 11:26:10,931 INFO: [train..][epoch:1123, iter: 704,800, lr:(2.000e-04,)] [eta: 4:34:11, time (data): 0.339 (0.003)] l_pix: 2.9235e-02 
2024-04-23 11:26:44,730 INFO: [train..][epoch:1123, iter: 704,900, lr:(2.000e-04,)] [eta: 4:33:11, time (data): 0.337 (0.004)] l_pix: 3.6691e-02 
2024-04-23 11:27:18,475 INFO: [train..][epoch:1123, iter: 705,000, lr:(2.000e-04,)] [eta: 4:32:11, time (data): 0.337 (0.003)] l_pix: 3.3168e-02 
2024-04-23 11:27:18,475 INFO: Saving models and training states.
2024-04-23 11:28:52,031 INFO: Validation FFHQ_val
	 # psnr: 26.3846	Best: 26.3846 @ 705000 iter
	 # niqe: 0.7586	Best: 0.7586 @ 705000 iter

2024-04-23 11:29:39,595 INFO: [train..][epoch:1124, iter: 705,100, lr:(2.000e-04,)] [eta: 4:46:57, time (data): 0.337 (0.004)] l_pix: 3.2154e-02 
2024-04-23 11:30:13,352 INFO: [train..][epoch:1124, iter: 705,200, lr:(2.000e-04,)] [eta: 4:45:39, time (data): 0.337 (0.004)] l_pix: 3.5242e-02 
2024-04-23 11:30:47,223 INFO: [train..][epoch:1124, iter: 705,300, lr:(2.000e-04,)] [eta: 4:44:24, time (data): 0.338 (0.003)] l_pix: 2.7293e-02 
2024-04-23 11:31:21,054 INFO: [train..][epoch:1124, iter: 705,400, lr:(2.000e-04,)] [eta: 4:43:10, time (data): 0.338 (0.003)] l_pix: 3.2787e-02 
2024-04-23 11:31:54,749 INFO: [train..][epoch:1124, iter: 705,500, lr:(2.000e-04,)] [eta: 4:41:56, time (data): 0.337 (0.004)] l_pix: 3.5945e-02 
2024-04-23 11:32:28,300 INFO: [train..][epoch:1124, iter: 705,600, lr:(2.000e-04,)] [eta: 4:40:43, time (data): 0.336 (0.004)] l_pix: 3.3455e-02 
2024-04-23 11:33:15,820 INFO: [train..][epoch:1125, iter: 705,700, lr:(2.000e-04,)] [eta: 4:41:19, time (data): 0.337 (0.003)] l_pix: 3.5357e-02 
2024-04-23 11:33:49,423 INFO: [train..][epoch:1125, iter: 705,800, lr:(2.000e-04,)] [eta: 4:40:07, time (data): 0.336 (0.003)] l_pix: 3.7383e-02 
2024-04-23 11:34:23,126 INFO: [train..][epoch:1125, iter: 705,900, lr:(2.000e-04,)] [eta: 4:38:57, time (data): 0.337 (0.004)] l_pix: 3.3814e-02 
2024-04-23 11:34:56,769 INFO: [train..][epoch:1125, iter: 706,000, lr:(2.000e-04,)] [eta: 4:37:47, time (data): 0.337 (0.004)] l_pix: 3.9593e-02 
2024-04-23 11:35:30,560 INFO: [train..][epoch:1125, iter: 706,100, lr:(2.000e-04,)] [eta: 4:36:40, time (data): 0.337 (0.002)] l_pix: 3.3695e-02 
2024-04-23 11:36:04,343 INFO: [train..][epoch:1125, iter: 706,200, lr:(2.000e-04,)] [eta: 4:35:34, time (data): 0.338 (0.003)] l_pix: 4.0863e-02 
2024-04-23 11:36:52,014 INFO: [train..][epoch:1126, iter: 706,300, lr:(2.000e-04,)] [eta: 4:36:05, time (data): 0.539 (0.205)] l_pix: 3.6774e-02 
2024-04-23 11:37:25,705 INFO: [train..][epoch:1126, iter: 706,400, lr:(2.000e-04,)] [eta: 4:34:58, time (data): 0.419 (0.086)] l_pix: 3.3294e-02 
2024-04-23 11:37:59,603 INFO: [train..][epoch:1126, iter: 706,500, lr:(2.000e-04,)] [eta: 4:33:54, time (data): 0.340 (0.003)] l_pix: 3.9498e-02 
2024-04-23 11:38:33,522 INFO: [train..][epoch:1126, iter: 706,600, lr:(2.000e-04,)] [eta: 4:32:51, time (data): 0.339 (0.002)] l_pix: 4.1005e-02 
2024-04-23 11:39:07,282 INFO: [train..][epoch:1126, iter: 706,700, lr:(2.000e-04,)] [eta: 4:31:47, time (data): 0.338 (0.003)] l_pix: 3.5456e-02 
2024-04-23 11:39:41,003 INFO: [train..][epoch:1126, iter: 706,800, lr:(2.000e-04,)] [eta: 4:30:45, time (data): 0.337 (0.004)] l_pix: 3.2754e-02 
2024-04-23 11:40:29,018 INFO: [train..][epoch:1127, iter: 706,900, lr:(2.000e-04,)] [eta: 4:31:12, time (data): 0.554 (0.213)] l_pix: 3.2909e-02 
2024-04-23 11:41:03,148 INFO: [train..][epoch:1127, iter: 707,000, lr:(2.000e-04,)] [eta: 4:30:12, time (data): 0.426 (0.087)] l_pix: 3.3414e-02 
2024-04-23 11:41:37,128 INFO: [train..][epoch:1127, iter: 707,100, lr:(2.000e-04,)] [eta: 4:29:12, time (data): 0.339 (0.003)] l_pix: 2.5399e-02 
2024-04-23 11:42:10,921 INFO: [train..][epoch:1127, iter: 707,200, lr:(2.000e-04,)] [eta: 4:28:11, time (data): 0.338 (0.004)] l_pix: 3.6442e-02 
2024-04-23 11:42:44,767 INFO: [train..][epoch:1127, iter: 707,300, lr:(2.000e-04,)] [eta: 4:27:12, time (data): 0.339 (0.005)] l_pix: 3.2751e-02 
2024-04-23 11:43:18,655 INFO: [train..][epoch:1127, iter: 707,400, lr:(2.000e-04,)] [eta: 4:26:13, time (data): 0.339 (0.004)] l_pix: 2.9421e-02 
2024-04-23 11:43:52,392 INFO: [train..][epoch:1127, iter: 707,500, lr:(2.000e-04,)] [eta: 4:25:14, time (data): 0.337 (0.003)] l_pix: 4.4111e-02 
2024-04-23 11:44:40,042 INFO: [train..][epoch:1128, iter: 707,600, lr:(2.000e-04,)] [eta: 4:25:34, time (data): 0.423 (0.087)] l_pix: 3.1910e-02 
2024-04-23 11:45:13,889 INFO: [train..][epoch:1128, iter: 707,700, lr:(2.000e-04,)] [eta: 4:24:36, time (data): 0.338 (0.004)] l_pix: 3.2555e-02 
2024-04-23 11:45:47,738 INFO: [train..][epoch:1128, iter: 707,800, lr:(2.000e-04,)] [eta: 4:23:38, time (data): 0.338 (0.005)] l_pix: 3.2289e-02 
2024-04-23 11:46:21,551 INFO: [train..][epoch:1128, iter: 707,900, lr:(2.000e-04,)] [eta: 4:22:41, time (data): 0.337 (0.003)] l_pix: 3.0501e-02 
2024-04-23 11:46:55,363 INFO: [train..][epoch:1128, iter: 708,000, lr:(2.000e-04,)] [eta: 4:21:45, time (data): 0.338 (0.004)] l_pix: 3.2056e-02 
2024-04-23 11:47:29,123 INFO: [train..][epoch:1128, iter: 708,100, lr:(2.000e-04,)] [eta: 4:20:48, time (data): 0.338 (0.003)] l_pix: 3.2662e-02 
2024-04-23 11:48:16,748 INFO: [train..][epoch:1129, iter: 708,200, lr:(2.000e-04,)] [eta: 4:21:03, time (data): 0.424 (0.089)] l_pix: 3.8191e-02 
2024-04-23 11:48:50,595 INFO: [train..][epoch:1129, iter: 708,300, lr:(2.000e-04,)] [eta: 4:20:08, time (data): 0.338 (0.004)] l_pix: 3.5093e-02 
2024-04-23 11:49:24,295 INFO: [train..][epoch:1129, iter: 708,400, lr:(2.000e-04,)] [eta: 4:19:12, time (data): 0.337 (0.003)] l_pix: 2.9740e-02 
2024-04-23 11:49:58,139 INFO: [train..][epoch:1129, iter: 708,500, lr:(2.000e-04,)] [eta: 4:18:17, time (data): 0.338 (0.005)] l_pix: 3.2644e-02 
2024-04-23 11:50:31,943 INFO: [train..][epoch:1129, iter: 708,600, lr:(2.000e-04,)] [eta: 4:17:23, time (data): 0.338 (0.004)] l_pix: 3.6940e-02 
2024-04-23 11:51:05,603 INFO: [train..][epoch:1129, iter: 708,700, lr:(2.000e-04,)] [eta: 4:16:28, time (data): 0.337 (0.003)] l_pix: 3.2202e-02 
2024-04-23 11:51:53,082 INFO: [train..][epoch:1130, iter: 708,800, lr:(2.000e-04,)] [eta: 4:16:39, time (data): 0.425 (0.090)] l_pix: 3.9321e-02 
2024-04-23 11:52:26,856 INFO: [train..][epoch:1130, iter: 708,900, lr:(2.000e-04,)] [eta: 4:15:45, time (data): 0.338 (0.005)] l_pix: 2.6064e-02 
2024-04-23 11:53:00,724 INFO: [train..][epoch:1130, iter: 709,000, lr:(2.000e-04,)] [eta: 4:14:52, time (data): 0.338 (0.004)] l_pix: 3.4011e-02 
2024-04-23 11:53:34,480 INFO: [train..][epoch:1130, iter: 709,100, lr:(2.000e-04,)] [eta: 4:13:58, time (data): 0.337 (0.004)] l_pix: 3.4665e-02 
2024-04-23 11:54:08,501 INFO: [train..][epoch:1130, iter: 709,200, lr:(2.000e-04,)] [eta: 4:13:07, time (data): 0.339 (0.004)] l_pix: 3.0989e-02 
2024-04-23 11:54:42,232 INFO: [train..][epoch:1130, iter: 709,300, lr:(2.000e-04,)] [eta: 4:12:14, time (data): 0.337 (0.002)] l_pix: 3.1739e-02 
2024-04-23 11:55:29,710 INFO: [train..][epoch:1131, iter: 709,400, lr:(2.000e-04,)] [eta: 4:12:21, time (data): 0.427 (0.092)] l_pix: 3.3059e-02 
2024-04-23 11:56:03,557 INFO: [train..][epoch:1131, iter: 709,500, lr:(2.000e-04,)] [eta: 4:11:29, time (data): 0.338 (0.005)] l_pix: 3.4359e-02 
2024-04-23 11:56:37,392 INFO: [train..][epoch:1131, iter: 709,600, lr:(2.000e-04,)] [eta: 4:10:38, time (data): 0.338 (0.005)] l_pix: 2.8905e-02 
2024-04-23 11:57:11,217 INFO: [train..][epoch:1131, iter: 709,700, lr:(2.000e-04,)] [eta: 4:09:46, time (data): 0.337 (0.004)] l_pix: 2.9763e-02 
2024-04-23 11:57:44,952 INFO: [train..][epoch:1131, iter: 709,800, lr:(2.000e-04,)] [eta: 4:08:55, time (data): 0.337 (0.004)] l_pix: 3.4048e-02 
2024-04-23 11:58:18,674 INFO: [train..][epoch:1131, iter: 709,900, lr:(2.000e-04,)] [eta: 4:08:04, time (data): 0.339 (0.004)] l_pix: 3.2730e-02 
2024-04-23 11:58:52,391 INFO: [train..][epoch:1131, iter: 710,000, lr:(2.000e-04,)] [eta: 4:07:13, time (data): 0.338 (0.004)] l_pix: 3.4074e-02 
2024-04-23 11:58:52,391 INFO: Saving models and training states.
2024-04-23 12:00:29,154 INFO: Validation FFHQ_val
	 # psnr: 26.3821	Best: 26.3846 @ 705000 iter
	 # niqe: 0.7586	Best: 0.7586 @ 705000 iter

2024-04-23 12:01:16,787 INFO: [train..][epoch:1132, iter: 710,100, lr:(2.000e-04,)] [eta: 4:13:40, time (data): 0.337 (0.003)] l_pix: 3.0239e-02 
2024-04-23 12:01:50,518 INFO: [train..][epoch:1132, iter: 710,200, lr:(2.000e-04,)] [eta: 4:12:45, time (data): 0.337 (0.003)] l_pix: 3.0396e-02 
2024-04-23 12:02:24,178 INFO: [train..][epoch:1132, iter: 710,300, lr:(2.000e-04,)] [eta: 4:11:49, time (data): 0.336 (0.003)] l_pix: 3.6189e-02 
2024-04-23 12:02:57,888 INFO: [train..][epoch:1132, iter: 710,400, lr:(2.000e-04,)] [eta: 4:10:55, time (data): 0.337 (0.004)] l_pix: 2.6921e-02 
2024-04-23 12:03:31,648 INFO: [train..][epoch:1132, iter: 710,500, lr:(2.000e-04,)] [eta: 4:10:01, time (data): 0.338 (0.003)] l_pix: 3.2283e-02 
2024-04-23 12:04:05,452 INFO: [train..][epoch:1132, iter: 710,600, lr:(2.000e-04,)] [eta: 4:09:07, time (data): 0.338 (0.003)] l_pix: 3.6420e-02 
2024-04-23 12:04:53,023 INFO: [train..][epoch:1133, iter: 710,700, lr:(2.000e-04,)] [eta: 4:09:05, time (data): 0.337 (0.003)] l_pix: 3.1066e-02 
2024-04-23 12:05:26,798 INFO: [train..][epoch:1133, iter: 710,800, lr:(2.000e-04,)] [eta: 4:08:11, time (data): 0.337 (0.004)] l_pix: 3.6585e-02 
2024-04-23 12:06:00,637 INFO: [train..][epoch:1133, iter: 710,900, lr:(2.000e-04,)] [eta: 4:07:18, time (data): 0.338 (0.005)] l_pix: 3.1254e-02 
2024-04-23 12:06:34,424 INFO: [train..][epoch:1133, iter: 711,000, lr:(2.000e-04,)] [eta: 4:06:26, time (data): 0.338 (0.004)] l_pix: 3.0220e-02 
2024-04-23 12:07:08,255 INFO: [train..][epoch:1133, iter: 711,100, lr:(2.000e-04,)] [eta: 4:05:33, time (data): 0.337 (0.004)] l_pix: 2.8012e-02 
2024-04-23 12:07:42,162 INFO: [train..][epoch:1133, iter: 711,200, lr:(2.000e-04,)] [eta: 4:04:42, time (data): 0.338 (0.003)] l_pix: 3.2381e-02 
2024-04-23 12:08:30,387 INFO: [train..][epoch:1134, iter: 711,300, lr:(2.000e-04,)] [eta: 4:04:40, time (data): 0.343 (0.003)] l_pix: 3.3532e-02 
2024-04-23 12:09:04,728 INFO: [train..][epoch:1134, iter: 711,400, lr:(2.000e-04,)] [eta: 4:03:49, time (data): 0.343 (0.003)] l_pix: 3.4665e-02 
2024-04-23 12:09:39,084 INFO: [train..][epoch:1134, iter: 711,500, lr:(2.000e-04,)] [eta: 4:03:00, time (data): 0.342 (0.002)] l_pix: 3.5405e-02 
2024-04-23 12:10:13,343 INFO: [train..][epoch:1134, iter: 711,600, lr:(2.000e-04,)] [eta: 4:02:10, time (data): 0.342 (0.003)] l_pix: 3.2705e-02 
2024-04-23 12:10:47,671 INFO: [train..][epoch:1134, iter: 711,700, lr:(2.000e-04,)] [eta: 4:01:20, time (data): 0.344 (0.003)] l_pix: 3.2129e-02 
2024-04-23 12:11:21,944 INFO: [train..][epoch:1134, iter: 711,800, lr:(2.000e-04,)] [eta: 4:00:31, time (data): 0.343 (0.004)] l_pix: 3.9409e-02 
2024-04-23 12:12:09,849 INFO: [train..][epoch:1135, iter: 711,900, lr:(2.000e-04,)] [eta: 4:00:26, time (data): 0.673 (0.332)] l_pix: 2.8184e-02 
2024-04-23 12:12:43,916 INFO: [train..][epoch:1135, iter: 712,000, lr:(2.000e-04,)] [eta: 3:59:36, time (data): 0.437 (0.099)] l_pix: 3.1823e-02 
2024-04-23 12:13:17,989 INFO: [train..][epoch:1135, iter: 712,100, lr:(2.000e-04,)] [eta: 3:58:46, time (data): 0.341 (0.005)] l_pix: 3.5177e-02 
2024-04-23 12:13:52,222 INFO: [train..][epoch:1135, iter: 712,200, lr:(2.000e-04,)] [eta: 3:57:57, time (data): 0.342 (0.004)] l_pix: 3.0954e-02 
2024-04-23 12:14:26,295 INFO: [train..][epoch:1135, iter: 712,300, lr:(2.000e-04,)] [eta: 3:57:08, time (data): 0.341 (0.004)] l_pix: 3.1624e-02 
2024-04-23 12:15:00,261 INFO: [train..][epoch:1135, iter: 712,400, lr:(2.000e-04,)] [eta: 3:56:19, time (data): 0.340 (0.004)] l_pix: 4.0535e-02 
2024-04-23 12:15:33,891 INFO: [train..][epoch:1135, iter: 712,500, lr:(2.000e-04,)] [eta: 3:55:29, time (data): 0.336 (0.003)] l_pix: 3.7187e-02 
2024-04-23 12:16:21,350 INFO: [train..][epoch:1136, iter: 712,600, lr:(2.000e-04,)] [eta: 3:55:21, time (data): 0.436 (0.101)] l_pix: 3.6141e-02 
2024-04-23 12:16:55,167 INFO: [train..][epoch:1136, iter: 712,700, lr:(2.000e-04,)] [eta: 3:54:31, time (data): 0.339 (0.004)] l_pix: 3.3519e-02 
2024-04-23 12:17:28,908 INFO: [train..][epoch:1136, iter: 712,800, lr:(2.000e-04,)] [eta: 3:53:42, time (data): 0.338 (0.005)] l_pix: 3.1215e-02 
2024-04-23 12:18:02,765 INFO: [train..][epoch:1136, iter: 712,900, lr:(2.000e-04,)] [eta: 3:52:53, time (data): 0.339 (0.003)] l_pix: 3.3847e-02 
2024-04-23 12:18:36,604 INFO: [train..][epoch:1136, iter: 713,000, lr:(2.000e-04,)] [eta: 3:52:05, time (data): 0.339 (0.004)] l_pix: 3.4621e-02 
2024-04-23 12:19:10,263 INFO: [train..][epoch:1136, iter: 713,100, lr:(2.000e-04,)] [eta: 3:51:16, time (data): 0.336 (0.002)] l_pix: 3.9280e-02 
2024-04-23 12:19:57,963 INFO: [train..][epoch:1137, iter: 713,200, lr:(2.000e-04,)] [eta: 3:51:06, time (data): 0.441 (0.104)] l_pix: 3.3143e-02 
2024-04-23 12:20:31,707 INFO: [train..][epoch:1137, iter: 713,300, lr:(2.000e-04,)] [eta: 3:50:18, time (data): 0.338 (0.006)] l_pix: 3.8543e-02 
2024-04-23 12:21:05,509 INFO: [train..][epoch:1137, iter: 713,400, lr:(2.000e-04,)] [eta: 3:49:30, time (data): 0.338 (0.004)] l_pix: 3.7294e-02 
2024-04-23 12:21:39,255 INFO: [train..][epoch:1137, iter: 713,500, lr:(2.000e-04,)] [eta: 3:48:41, time (data): 0.336 (0.003)] l_pix: 3.4464e-02 
2024-04-23 12:22:13,013 INFO: [train..][epoch:1137, iter: 713,600, lr:(2.000e-04,)] [eta: 3:47:54, time (data): 0.337 (0.003)] l_pix: 3.0093e-02 
2024-04-23 12:22:46,869 INFO: [train..][epoch:1137, iter: 713,700, lr:(2.000e-04,)] [eta: 3:47:06, time (data): 0.337 (0.003)] l_pix: 3.1199e-02 
2024-04-23 12:23:34,511 INFO: [train..][epoch:1138, iter: 713,800, lr:(2.000e-04,)] [eta: 3:46:55, time (data): 0.442 (0.107)] l_pix: 3.2114e-02 
2024-04-23 12:24:08,157 INFO: [train..][epoch:1138, iter: 713,900, lr:(2.000e-04,)] [eta: 3:46:07, time (data): 0.337 (0.003)] l_pix: 3.4953e-02 
2024-04-23 12:24:41,882 INFO: [train..][epoch:1138, iter: 714,000, lr:(2.000e-04,)] [eta: 3:45:20, time (data): 0.337 (0.004)] l_pix: 3.7643e-02 
2024-04-23 12:25:15,610 INFO: [train..][epoch:1138, iter: 714,100, lr:(2.000e-04,)] [eta: 3:44:32, time (data): 0.336 (0.005)] l_pix: 3.7302e-02 
2024-04-23 12:25:49,337 INFO: [train..][epoch:1138, iter: 714,200, lr:(2.000e-04,)] [eta: 3:43:45, time (data): 0.337 (0.005)] l_pix: 4.0448e-02 
2024-04-23 12:26:23,038 INFO: [train..][epoch:1138, iter: 714,300, lr:(2.000e-04,)] [eta: 3:42:58, time (data): 0.337 (0.003)] l_pix: 2.8217e-02 
2024-04-23 12:27:10,645 INFO: [train..][epoch:1139, iter: 714,400, lr:(2.000e-04,)] [eta: 3:42:46, time (data): 0.445 (0.108)] l_pix: 3.7996e-02 
2024-04-23 12:27:44,381 INFO: [train..][epoch:1139, iter: 714,500, lr:(2.000e-04,)] [eta: 3:41:59, time (data): 0.339 (0.004)] l_pix: 3.9003e-02 
2024-04-23 12:28:18,166 INFO: [train..][epoch:1139, iter: 714,600, lr:(2.000e-04,)] [eta: 3:41:12, time (data): 0.338 (0.004)] l_pix: 3.2993e-02 
2024-04-23 12:28:52,008 INFO: [train..][epoch:1139, iter: 714,700, lr:(2.000e-04,)] [eta: 3:40:26, time (data): 0.339 (0.003)] l_pix: 3.3971e-02 
2024-04-23 12:29:25,725 INFO: [train..][epoch:1139, iter: 714,800, lr:(2.000e-04,)] [eta: 3:39:40, time (data): 0.337 (0.004)] l_pix: 2.7573e-02 
2024-04-23 12:29:59,509 INFO: [train..][epoch:1139, iter: 714,900, lr:(2.000e-04,)] [eta: 3:38:54, time (data): 0.339 (0.004)] l_pix: 3.7650e-02 
2024-04-23 12:30:33,163 INFO: [train..][epoch:1139, iter: 715,000, lr:(2.000e-04,)] [eta: 3:38:08, time (data): 0.337 (0.003)] l_pix: 3.6301e-02 
2024-04-23 12:30:33,163 INFO: Saving models and training states.
2024-04-23 12:32:07,975 INFO: Validation FFHQ_val
	 # psnr: 26.3876	Best: 26.3876 @ 715000 iter
	 # niqe: 0.7587	Best: 0.7587 @ 715000 iter

2024-04-23 12:32:55,802 INFO: [train..][epoch:1140, iter: 715,100, lr:(2.000e-04,)] [eta: 3:41:33, time (data): 0.338 (0.005)] l_pix: 3.6857e-02 
2024-04-23 12:33:29,637 INFO: [train..][epoch:1140, iter: 715,200, lr:(2.000e-04,)] [eta: 3:40:45, time (data): 0.338 (0.004)] l_pix: 3.4855e-02 
2024-04-23 12:34:03,350 INFO: [train..][epoch:1140, iter: 715,300, lr:(2.000e-04,)] [eta: 3:39:58, time (data): 0.335 (0.003)] l_pix: 3.4340e-02 
2024-04-23 12:34:37,104 INFO: [train..][epoch:1140, iter: 715,400, lr:(2.000e-04,)] [eta: 3:39:10, time (data): 0.337 (0.003)] l_pix: 3.5165e-02 
2024-04-23 12:35:10,820 INFO: [train..][epoch:1140, iter: 715,500, lr:(2.000e-04,)] [eta: 3:38:22, time (data): 0.336 (0.003)] l_pix: 3.9723e-02 
2024-04-23 12:35:44,605 INFO: [train..][epoch:1140, iter: 715,600, lr:(2.000e-04,)] [eta: 3:37:35, time (data): 0.338 (0.003)] l_pix: 3.1844e-02 
2024-04-23 12:36:32,066 INFO: [train..][epoch:1141, iter: 715,700, lr:(2.000e-04,)] [eta: 3:37:18, time (data): 0.337 (0.004)] l_pix: 3.8286e-02 
2024-04-23 12:37:05,857 INFO: [train..][epoch:1141, iter: 715,800, lr:(2.000e-04,)] [eta: 3:36:31, time (data): 0.338 (0.003)] l_pix: 3.5141e-02 
2024-04-23 12:37:39,743 INFO: [train..][epoch:1141, iter: 715,900, lr:(2.000e-04,)] [eta: 3:35:44, time (data): 0.338 (0.004)] l_pix: 2.9918e-02 
2024-04-23 12:38:13,519 INFO: [train..][epoch:1141, iter: 716,000, lr:(2.000e-04,)] [eta: 3:34:57, time (data): 0.338 (0.005)] l_pix: 3.7351e-02 
2024-04-23 12:38:47,373 INFO: [train..][epoch:1141, iter: 716,100, lr:(2.000e-04,)] [eta: 3:34:11, time (data): 0.341 (0.005)] l_pix: 4.3399e-02 
2024-04-23 12:39:21,158 INFO: [train..][epoch:1141, iter: 716,200, lr:(2.000e-04,)] [eta: 3:33:24, time (data): 0.338 (0.004)] l_pix: 3.4381e-02 
2024-04-23 12:40:08,646 INFO: [train..][epoch:1142, iter: 716,300, lr:(2.000e-04,)] [eta: 3:33:06, time (data): 0.337 (0.003)] l_pix: 3.6375e-02 
2024-04-23 12:40:42,392 INFO: [train..][epoch:1142, iter: 716,400, lr:(2.000e-04,)] [eta: 3:32:20, time (data): 0.337 (0.003)] l_pix: 3.6777e-02 
2024-04-23 12:41:16,095 INFO: [train..][epoch:1142, iter: 716,500, lr:(2.000e-04,)] [eta: 3:31:33, time (data): 0.339 (0.005)] l_pix: 3.4733e-02 
2024-04-23 12:41:49,902 INFO: [train..][epoch:1142, iter: 716,600, lr:(2.000e-04,)] [eta: 3:30:47, time (data): 0.338 (0.004)] l_pix: 3.3385e-02 
2024-04-23 12:42:23,734 INFO: [train..][epoch:1142, iter: 716,700, lr:(2.000e-04,)] [eta: 3:30:01, time (data): 0.337 (0.004)] l_pix: 3.4081e-02 
2024-04-23 12:42:57,492 INFO: [train..][epoch:1142, iter: 716,800, lr:(2.000e-04,)] [eta: 3:29:15, time (data): 0.338 (0.005)] l_pix: 3.0015e-02 
2024-04-23 12:43:44,965 INFO: [train..][epoch:1143, iter: 716,900, lr:(2.000e-04,)] [eta: 3:28:56, time (data): 0.336 (0.004)] l_pix: 2.8157e-02 
2024-04-23 12:44:18,627 INFO: [train..][epoch:1143, iter: 717,000, lr:(2.000e-04,)] [eta: 3:28:10, time (data): 0.337 (0.005)] l_pix: 3.9122e-02 
2024-04-23 12:44:52,392 INFO: [train..][epoch:1143, iter: 717,100, lr:(2.000e-04,)] [eta: 3:27:24, time (data): 0.336 (0.002)] l_pix: 4.1956e-02 
2024-04-23 12:45:26,113 INFO: [train..][epoch:1143, iter: 717,200, lr:(2.000e-04,)] [eta: 3:26:39, time (data): 0.337 (0.003)] l_pix: 3.0240e-02 
2024-04-23 12:45:59,963 INFO: [train..][epoch:1143, iter: 717,300, lr:(2.000e-04,)] [eta: 3:25:53, time (data): 0.336 (0.004)] l_pix: 2.9825e-02 
2024-04-23 12:46:33,861 INFO: [train..][epoch:1143, iter: 717,400, lr:(2.000e-04,)] [eta: 3:25:08, time (data): 0.339 (0.004)] l_pix: 4.2501e-02 
2024-04-23 12:47:07,656 INFO: [train..][epoch:1143, iter: 717,500, lr:(2.000e-04,)] [eta: 3:24:23, time (data): 0.339 (0.002)] l_pix: 2.9885e-02 
2024-04-23 12:47:55,275 INFO: [train..][epoch:1144, iter: 717,600, lr:(2.000e-04,)] [eta: 3:24:04, time (data): 0.460 (0.124)] l_pix: 3.1416e-02 
2024-04-23 12:48:29,033 INFO: [train..][epoch:1144, iter: 717,700, lr:(2.000e-04,)] [eta: 3:23:19, time (data): 0.339 (0.001)] l_pix: 2.8796e-02 
2024-04-23 12:49:02,817 INFO: [train..][epoch:1144, iter: 717,800, lr:(2.000e-04,)] [eta: 3:22:34, time (data): 0.338 (0.003)] l_pix: 3.5491e-02 
2024-04-23 12:49:36,481 INFO: [train..][epoch:1144, iter: 717,900, lr:(2.000e-04,)] [eta: 3:21:49, time (data): 0.338 (0.005)] l_pix: 3.5758e-02 
2024-04-23 12:50:10,183 INFO: [train..][epoch:1144, iter: 718,000, lr:(2.000e-04,)] [eta: 3:21:04, time (data): 0.337 (0.003)] l_pix: 3.0149e-02 
2024-04-23 12:50:44,117 INFO: [train..][epoch:1144, iter: 718,100, lr:(2.000e-04,)] [eta: 3:20:19, time (data): 0.341 (0.006)] l_pix: 3.1869e-02 
2024-04-23 12:51:31,680 INFO: [train..][epoch:1145, iter: 718,200, lr:(2.000e-04,)] [eta: 3:19:59, time (data): 0.463 (0.128)] l_pix: 3.1888e-02 
2024-04-23 12:52:05,481 INFO: [train..][epoch:1145, iter: 718,300, lr:(2.000e-04,)] [eta: 3:19:14, time (data): 0.337 (0.004)] l_pix: 3.3037e-02 
2024-04-23 12:52:39,282 INFO: [train..][epoch:1145, iter: 718,400, lr:(2.000e-04,)] [eta: 3:18:30, time (data): 0.338 (0.004)] l_pix: 3.4069e-02 
2024-04-23 12:53:13,091 INFO: [train..][epoch:1145, iter: 718,500, lr:(2.000e-04,)] [eta: 3:17:46, time (data): 0.337 (0.000)] l_pix: 3.2765e-02 
2024-04-23 12:53:46,828 INFO: [train..][epoch:1145, iter: 718,600, lr:(2.000e-04,)] [eta: 3:17:01, time (data): 0.337 (0.003)] l_pix: 3.2276e-02 
2024-04-23 12:54:20,577 INFO: [train..][epoch:1145, iter: 718,700, lr:(2.000e-04,)] [eta: 3:16:17, time (data): 0.336 (0.002)] l_pix: 3.6601e-02 
2024-04-23 12:55:08,190 INFO: [train..][epoch:1146, iter: 718,800, lr:(2.000e-04,)] [eta: 3:15:56, time (data): 0.467 (0.131)] l_pix: 3.4309e-02 
2024-04-23 12:55:42,039 INFO: [train..][epoch:1146, iter: 718,900, lr:(2.000e-04,)] [eta: 3:15:12, time (data): 0.339 (0.003)] l_pix: 3.3213e-02 
2024-04-23 12:56:15,916 INFO: [train..][epoch:1146, iter: 719,000, lr:(2.000e-04,)] [eta: 3:14:28, time (data): 0.339 (0.004)] l_pix: 3.5900e-02 
2024-04-23 12:56:49,673 INFO: [train..][epoch:1146, iter: 719,100, lr:(2.000e-04,)] [eta: 3:13:44, time (data): 0.340 (0.006)] l_pix: 2.9683e-02 
2024-04-23 12:57:23,430 INFO: [train..][epoch:1146, iter: 719,200, lr:(2.000e-04,)] [eta: 3:13:01, time (data): 0.338 (0.003)] l_pix: 3.1895e-02 
2024-04-23 12:57:57,172 INFO: [train..][epoch:1146, iter: 719,300, lr:(2.000e-04,)] [eta: 3:12:17, time (data): 0.331 (0.000)] l_pix: 3.6755e-02 
2024-04-23 12:58:44,941 INFO: [train..][epoch:1147, iter: 719,400, lr:(2.000e-04,)] [eta: 3:11:55, time (data): 0.472 (0.135)] l_pix: 3.8225e-02 
2024-04-23 12:59:18,680 INFO: [train..][epoch:1147, iter: 719,500, lr:(2.000e-04,)] [eta: 3:11:12, time (data): 0.346 (0.003)] l_pix: 3.2968e-02 
2024-04-23 12:59:52,455 INFO: [train..][epoch:1147, iter: 719,600, lr:(2.000e-04,)] [eta: 3:10:28, time (data): 0.338 (0.004)] l_pix: 3.1350e-02 
2024-04-23 13:00:26,564 INFO: [train..][epoch:1147, iter: 719,700, lr:(2.000e-04,)] [eta: 3:09:45, time (data): 0.341 (0.002)] l_pix: 3.7770e-02 
2024-04-23 13:01:00,374 INFO: [train..][epoch:1147, iter: 719,800, lr:(2.000e-04,)] [eta: 3:09:02, time (data): 0.338 (0.003)] l_pix: 3.3536e-02 
2024-04-23 13:01:34,150 INFO: [train..][epoch:1147, iter: 719,900, lr:(2.000e-04,)] [eta: 3:08:18, time (data): 0.330 (0.000)] l_pix: 3.1213e-02 
2024-04-23 13:02:08,128 INFO: [train..][epoch:1147, iter: 720,000, lr:(2.000e-04,)] [eta: 3:07:36, time (data): 0.340 (0.003)] l_pix: 3.2785e-02 
2024-04-23 13:02:08,128 INFO: Saving models and training states.
2024-04-23 13:03:48,860 INFO: Validation FFHQ_val
	 # psnr: 26.3798	Best: 26.3876 @ 715000 iter
	 # niqe: 0.7587	Best: 0.7587 @ 715000 iter

2024-04-23 13:04:36,519 INFO: [train..][epoch:1148, iter: 720,100, lr:(2.000e-04,)] [eta: 3:09:43, time (data): 0.408 (0.072)] l_pix: 3.3096e-02 
2024-04-23 13:05:10,276 INFO: [train..][epoch:1148, iter: 720,200, lr:(2.000e-04,)] [eta: 3:08:58, time (data): 0.338 (0.003)] l_pix: 3.5784e-02 
2024-04-23 13:05:43,982 INFO: [train..][epoch:1148, iter: 720,300, lr:(2.000e-04,)] [eta: 3:08:14, time (data): 0.337 (0.004)] l_pix: 3.3555e-02 
2024-04-23 13:06:17,951 INFO: [train..][epoch:1148, iter: 720,400, lr:(2.000e-04,)] [eta: 3:07:30, time (data): 0.340 (0.004)] l_pix: 3.9885e-02 
2024-04-23 13:06:51,656 INFO: [train..][epoch:1148, iter: 720,500, lr:(2.000e-04,)] [eta: 3:06:46, time (data): 0.338 (0.004)] l_pix: 3.0577e-02 
2024-04-23 13:07:25,302 INFO: [train..][epoch:1148, iter: 720,600, lr:(2.000e-04,)] [eta: 3:06:02, time (data): 0.336 (0.004)] l_pix: 3.7160e-02 
2024-04-23 13:08:12,984 INFO: [train..][epoch:1149, iter: 720,700, lr:(2.000e-04,)] [eta: 3:05:38, time (data): 0.407 (0.072)] l_pix: 3.0377e-02 
2024-04-23 13:08:46,827 INFO: [train..][epoch:1149, iter: 720,800, lr:(2.000e-04,)] [eta: 3:04:54, time (data): 0.338 (0.004)] l_pix: 3.5683e-02 
2024-04-23 13:09:20,631 INFO: [train..][epoch:1149, iter: 720,900, lr:(2.000e-04,)] [eta: 3:04:10, time (data): 0.338 (0.004)] l_pix: 3.2290e-02 
2024-04-23 13:09:54,576 INFO: [train..][epoch:1149, iter: 721,000, lr:(2.000e-04,)] [eta: 3:03:26, time (data): 0.339 (0.003)] l_pix: 3.1911e-02 
2024-04-23 13:10:28,363 INFO: [train..][epoch:1149, iter: 721,100, lr:(2.000e-04,)] [eta: 3:02:43, time (data): 0.339 (0.003)] l_pix: 3.5101e-02 
2024-04-23 13:11:02,175 INFO: [train..][epoch:1149, iter: 721,200, lr:(2.000e-04,)] [eta: 3:01:59, time (data): 0.338 (0.003)] l_pix: 3.9520e-02 
2024-04-23 13:11:49,608 INFO: [train..][epoch:1150, iter: 721,300, lr:(2.000e-04,)] [eta: 3:01:34, time (data): 0.408 (0.074)] l_pix: 3.4529e-02 
2024-04-23 13:12:23,441 INFO: [train..][epoch:1150, iter: 721,400, lr:(2.000e-04,)] [eta: 3:00:51, time (data): 0.339 (0.004)] l_pix: 3.0589e-02 
2024-04-23 13:12:57,191 INFO: [train..][epoch:1150, iter: 721,500, lr:(2.000e-04,)] [eta: 3:00:07, time (data): 0.338 (0.004)] l_pix: 2.9026e-02 
2024-04-23 13:13:30,942 INFO: [train..][epoch:1150, iter: 721,600, lr:(2.000e-04,)] [eta: 2:59:24, time (data): 0.337 (0.005)] l_pix: 3.1640e-02 
2024-04-23 13:14:04,671 INFO: [train..][epoch:1150, iter: 721,700, lr:(2.000e-04,)] [eta: 2:58:40, time (data): 0.337 (0.005)] l_pix: 3.0366e-02 
2024-04-23 13:14:38,533 INFO: [train..][epoch:1150, iter: 721,800, lr:(2.000e-04,)] [eta: 2:57:57, time (data): 0.339 (0.004)] l_pix: 3.3758e-02 
2024-04-23 13:15:26,164 INFO: [train..][epoch:1151, iter: 721,900, lr:(2.000e-04,)] [eta: 2:57:32, time (data): 0.410 (0.076)] l_pix: 3.1529e-02 
2024-04-23 13:15:59,915 INFO: [train..][epoch:1151, iter: 722,000, lr:(2.000e-04,)] [eta: 2:56:49, time (data): 0.338 (0.003)] l_pix: 2.9566e-02 
2024-04-23 13:16:33,817 INFO: [train..][epoch:1151, iter: 722,100, lr:(2.000e-04,)] [eta: 2:56:06, time (data): 0.338 (0.004)] l_pix: 3.7695e-02 
2024-04-23 13:17:07,653 INFO: [train..][epoch:1151, iter: 722,200, lr:(2.000e-04,)] [eta: 2:55:23, time (data): 0.339 (0.003)] l_pix: 4.0518e-02 
2024-04-23 13:17:41,404 INFO: [train..][epoch:1151, iter: 722,300, lr:(2.000e-04,)] [eta: 2:54:40, time (data): 0.338 (0.003)] l_pix: 3.7708e-02 
2024-04-23 13:18:15,127 INFO: [train..][epoch:1151, iter: 722,400, lr:(2.000e-04,)] [eta: 2:53:57, time (data): 0.337 (0.005)] l_pix: 3.2753e-02 
2024-04-23 13:18:49,060 INFO: [train..][epoch:1151, iter: 722,500, lr:(2.000e-04,)] [eta: 2:53:14, time (data): 0.338 (0.004)] l_pix: 3.0418e-02 
2024-04-23 13:19:36,498 INFO: [train..][epoch:1152, iter: 722,600, lr:(2.000e-04,)] [eta: 2:52:48, time (data): 0.336 (0.003)] l_pix: 3.7940e-02 
2024-04-23 13:20:10,350 INFO: [train..][epoch:1152, iter: 722,700, lr:(2.000e-04,)] [eta: 2:52:06, time (data): 0.338 (0.003)] l_pix: 4.3457e-02 
2024-04-23 13:20:44,069 INFO: [train..][epoch:1152, iter: 722,800, lr:(2.000e-04,)] [eta: 2:51:23, time (data): 0.337 (0.004)] l_pix: 3.5051e-02 
2024-04-23 13:21:17,694 INFO: [train..][epoch:1152, iter: 722,900, lr:(2.000e-04,)] [eta: 2:50:40, time (data): 0.337 (0.004)] l_pix: 4.2291e-02 
2024-04-23 13:21:51,450 INFO: [train..][epoch:1152, iter: 723,000, lr:(2.000e-04,)] [eta: 2:49:58, time (data): 0.338 (0.003)] l_pix: 3.4792e-02 
2024-04-23 13:22:25,145 INFO: [train..][epoch:1152, iter: 723,100, lr:(2.000e-04,)] [eta: 2:49:15, time (data): 0.337 (0.004)] l_pix: 3.6819e-02 
2024-04-23 13:23:12,541 INFO: [train..][epoch:1153, iter: 723,200, lr:(2.000e-04,)] [eta: 2:48:48, time (data): 0.497 (0.163)] l_pix: 3.0519e-02 
2024-04-23 13:23:46,369 INFO: [train..][epoch:1153, iter: 723,300, lr:(2.000e-04,)] [eta: 2:48:06, time (data): 0.411 (0.077)] l_pix: 3.5756e-02 
2024-04-23 13:24:20,241 INFO: [train..][epoch:1153, iter: 723,400, lr:(2.000e-04,)] [eta: 2:47:24, time (data): 0.339 (0.003)] l_pix: 4.0160e-02 
2024-04-23 13:24:54,007 INFO: [train..][epoch:1153, iter: 723,500, lr:(2.000e-04,)] [eta: 2:46:42, time (data): 0.338 (0.003)] l_pix: 2.9163e-02 
2024-04-23 13:25:27,652 INFO: [train..][epoch:1153, iter: 723,600, lr:(2.000e-04,)] [eta: 2:45:59, time (data): 0.336 (0.003)] l_pix: 3.6317e-02 
2024-04-23 13:26:01,398 INFO: [train..][epoch:1153, iter: 723,700, lr:(2.000e-04,)] [eta: 2:45:17, time (data): 0.337 (0.004)] l_pix: 3.3364e-02 
2024-04-23 13:26:48,953 INFO: [train..][epoch:1154, iter: 723,800, lr:(2.000e-04,)] [eta: 2:44:50, time (data): 0.506 (0.170)] l_pix: 3.0926e-02 
2024-04-23 13:27:22,655 INFO: [train..][epoch:1154, iter: 723,900, lr:(2.000e-04,)] [eta: 2:44:08, time (data): 0.413 (0.079)] l_pix: 2.5930e-02 
2024-04-23 13:27:56,309 INFO: [train..][epoch:1154, iter: 724,000, lr:(2.000e-04,)] [eta: 2:43:26, time (data): 0.337 (0.004)] l_pix: 3.9282e-02 
2024-04-23 13:28:30,210 INFO: [train..][epoch:1154, iter: 724,100, lr:(2.000e-04,)] [eta: 2:42:44, time (data): 0.338 (0.004)] l_pix: 4.1834e-02 
2024-04-23 13:29:03,969 INFO: [train..][epoch:1154, iter: 724,200, lr:(2.000e-04,)] [eta: 2:42:02, time (data): 0.338 (0.005)] l_pix: 3.5373e-02 
2024-04-23 13:29:37,806 INFO: [train..][epoch:1154, iter: 724,300, lr:(2.000e-04,)] [eta: 2:41:20, time (data): 0.338 (0.005)] l_pix: 3.2141e-02 
2024-04-23 13:30:25,251 INFO: [train..][epoch:1155, iter: 724,400, lr:(2.000e-04,)] [eta: 2:40:53, time (data): 0.511 (0.176)] l_pix: 3.3137e-02 
2024-04-23 13:30:58,939 INFO: [train..][epoch:1155, iter: 724,500, lr:(2.000e-04,)] [eta: 2:40:11, time (data): 0.414 (0.080)] l_pix: 3.6159e-02 
2024-04-23 13:31:32,682 INFO: [train..][epoch:1155, iter: 724,600, lr:(2.000e-04,)] [eta: 2:39:29, time (data): 0.337 (0.003)] l_pix: 3.2228e-02 
2024-04-23 13:32:06,429 INFO: [train..][epoch:1155, iter: 724,700, lr:(2.000e-04,)] [eta: 2:38:48, time (data): 0.337 (0.003)] l_pix: 3.4153e-02 
2024-04-23 13:32:40,242 INFO: [train..][epoch:1155, iter: 724,800, lr:(2.000e-04,)] [eta: 2:38:06, time (data): 0.338 (0.005)] l_pix: 3.1793e-02 
2024-04-23 13:33:13,971 INFO: [train..][epoch:1155, iter: 724,900, lr:(2.000e-04,)] [eta: 2:37:24, time (data): 0.338 (0.005)] l_pix: 3.3316e-02 
2024-04-23 13:33:47,685 INFO: [train..][epoch:1155, iter: 725,000, lr:(2.000e-04,)] [eta: 2:36:43, time (data): 0.337 (0.003)] l_pix: 2.9019e-02 
2024-04-23 13:33:47,685 INFO: Saving models and training states.
2024-04-23 13:35:18,756 INFO: Validation FFHQ_val
	 # psnr: 26.3808	Best: 26.3876 @ 715000 iter
	 # niqe: 0.7587	Best: 0.7587 @ 715000 iter

2024-04-23 13:36:06,283 INFO: [train..][epoch:1156, iter: 725,100, lr:(2.000e-04,)] [eta: 2:37:46, time (data): 0.416 (0.080)] l_pix: 3.7674e-02 
2024-04-23 13:36:40,173 INFO: [train..][epoch:1156, iter: 725,200, lr:(2.000e-04,)] [eta: 2:37:03, time (data): 0.339 (0.002)] l_pix: 2.9537e-02 
2024-04-23 13:37:13,948 INFO: [train..][epoch:1156, iter: 725,300, lr:(2.000e-04,)] [eta: 2:36:21, time (data): 0.338 (0.002)] l_pix: 3.7613e-02 
2024-04-23 13:37:47,596 INFO: [train..][epoch:1156, iter: 725,400, lr:(2.000e-04,)] [eta: 2:35:39, time (data): 0.335 (0.005)] l_pix: 3.2284e-02 
2024-04-23 13:38:21,359 INFO: [train..][epoch:1156, iter: 725,500, lr:(2.000e-04,)] [eta: 2:34:57, time (data): 0.337 (0.004)] l_pix: 2.9573e-02 
2024-04-23 13:38:55,223 INFO: [train..][epoch:1156, iter: 725,600, lr:(2.000e-04,)] [eta: 2:34:15, time (data): 0.339 (0.004)] l_pix: 2.9651e-02 
2024-04-23 13:39:42,988 INFO: [train..][epoch:1157, iter: 725,700, lr:(2.000e-04,)] [eta: 2:33:47, time (data): 0.419 (0.083)] l_pix: 3.4878e-02 
2024-04-23 13:40:16,728 INFO: [train..][epoch:1157, iter: 725,800, lr:(2.000e-04,)] [eta: 2:33:05, time (data): 0.338 (0.003)] l_pix: 3.0392e-02 
2024-04-23 13:40:50,372 INFO: [train..][epoch:1157, iter: 725,900, lr:(2.000e-04,)] [eta: 2:32:23, time (data): 0.337 (0.003)] l_pix: 3.5998e-02 
2024-04-23 13:41:24,179 INFO: [train..][epoch:1157, iter: 726,000, lr:(2.000e-04,)] [eta: 2:31:41, time (data): 0.338 (0.003)] l_pix: 3.0147e-02 
2024-04-23 13:41:57,988 INFO: [train..][epoch:1157, iter: 726,100, lr:(2.000e-04,)] [eta: 2:30:59, time (data): 0.338 (0.004)] l_pix: 3.7521e-02 
2024-04-23 13:42:31,642 INFO: [train..][epoch:1157, iter: 726,200, lr:(2.000e-04,)] [eta: 2:30:17, time (data): 0.336 (0.003)] l_pix: 3.6897e-02 
2024-04-23 13:43:19,177 INFO: [train..][epoch:1158, iter: 726,300, lr:(2.000e-04,)] [eta: 2:29:48, time (data): 0.418 (0.083)] l_pix: 3.3033e-02 
2024-04-23 13:43:52,857 INFO: [train..][epoch:1158, iter: 726,400, lr:(2.000e-04,)] [eta: 2:29:07, time (data): 0.337 (0.004)] l_pix: 3.1363e-02 
2024-04-23 13:44:26,675 INFO: [train..][epoch:1158, iter: 726,500, lr:(2.000e-04,)] [eta: 2:28:25, time (data): 0.338 (0.004)] l_pix: 3.4078e-02 
2024-04-23 13:45:00,318 INFO: [train..][epoch:1158, iter: 726,600, lr:(2.000e-04,)] [eta: 2:27:43, time (data): 0.337 (0.005)] l_pix: 3.7201e-02 
2024-04-23 13:45:34,214 INFO: [train..][epoch:1158, iter: 726,700, lr:(2.000e-04,)] [eta: 2:27:02, time (data): 0.338 (0.005)] l_pix: 2.9463e-02 
2024-04-23 13:46:07,999 INFO: [train..][epoch:1158, iter: 726,800, lr:(2.000e-04,)] [eta: 2:26:21, time (data): 0.338 (0.004)] l_pix: 3.9347e-02 
2024-04-23 13:46:55,518 INFO: [train..][epoch:1159, iter: 726,900, lr:(2.000e-04,)] [eta: 2:25:51, time (data): 0.420 (0.086)] l_pix: 3.3743e-02 
2024-04-23 13:47:29,266 INFO: [train..][epoch:1159, iter: 727,000, lr:(2.000e-04,)] [eta: 2:25:10, time (data): 0.338 (0.005)] l_pix: 3.6797e-02 
2024-04-23 13:48:03,164 INFO: [train..][epoch:1159, iter: 727,100, lr:(2.000e-04,)] [eta: 2:24:28, time (data): 0.339 (0.004)] l_pix: 3.4767e-02 
2024-04-23 13:48:37,047 INFO: [train..][epoch:1159, iter: 727,200, lr:(2.000e-04,)] [eta: 2:23:47, time (data): 0.339 (0.005)] l_pix: 3.6849e-02 
2024-04-23 13:49:10,843 INFO: [train..][epoch:1159, iter: 727,300, lr:(2.000e-04,)] [eta: 2:23:06, time (data): 0.338 (0.004)] l_pix: 3.8121e-02 
2024-04-23 13:49:44,611 INFO: [train..][epoch:1159, iter: 727,400, lr:(2.000e-04,)] [eta: 2:22:25, time (data): 0.338 (0.005)] l_pix: 3.6913e-02 
2024-04-23 13:50:18,291 INFO: [train..][epoch:1159, iter: 727,500, lr:(2.000e-04,)] [eta: 2:21:44, time (data): 0.337 (0.005)] l_pix: 3.8778e-02 
2024-04-23 13:51:05,799 INFO: [train..][epoch:1160, iter: 727,600, lr:(2.000e-04,)] [eta: 2:21:14, time (data): 0.336 (0.003)] l_pix: 3.6905e-02 
2024-04-23 13:51:39,527 INFO: [train..][epoch:1160, iter: 727,700, lr:(2.000e-04,)] [eta: 2:20:33, time (data): 0.337 (0.003)] l_pix: 2.9735e-02 
2024-04-23 13:52:13,161 INFO: [train..][epoch:1160, iter: 727,800, lr:(2.000e-04,)] [eta: 2:19:51, time (data): 0.337 (0.004)] l_pix: 2.7799e-02 
2024-04-23 13:52:46,959 INFO: [train..][epoch:1160, iter: 727,900, lr:(2.000e-04,)] [eta: 2:19:10, time (data): 0.338 (0.004)] l_pix: 3.2072e-02 
2024-04-23 13:53:20,601 INFO: [train..][epoch:1160, iter: 728,000, lr:(2.000e-04,)] [eta: 2:18:29, time (data): 0.337 (0.004)] l_pix: 3.2796e-02 
2024-04-23 13:53:54,442 INFO: [train..][epoch:1160, iter: 728,100, lr:(2.000e-04,)] [eta: 2:17:49, time (data): 0.338 (0.004)] l_pix: 3.2898e-02 
2024-04-23 13:54:42,468 INFO: [train..][epoch:1161, iter: 728,200, lr:(2.000e-04,)] [eta: 2:17:19, time (data): 0.337 (0.003)] l_pix: 3.4339e-02 
2024-04-23 13:55:16,217 INFO: [train..][epoch:1161, iter: 728,300, lr:(2.000e-04,)] [eta: 2:16:38, time (data): 0.337 (0.003)] l_pix: 4.1431e-02 
2024-04-23 13:55:49,930 INFO: [train..][epoch:1161, iter: 728,400, lr:(2.000e-04,)] [eta: 2:15:57, time (data): 0.337 (0.005)] l_pix: 3.2194e-02 
2024-04-23 13:56:23,710 INFO: [train..][epoch:1161, iter: 728,500, lr:(2.000e-04,)] [eta: 2:15:16, time (data): 0.338 (0.004)] l_pix: 2.8060e-02 
2024-04-23 13:56:57,504 INFO: [train..][epoch:1161, iter: 728,600, lr:(2.000e-04,)] [eta: 2:14:35, time (data): 0.339 (0.003)] l_pix: 4.0022e-02 
2024-04-23 13:57:31,237 INFO: [train..][epoch:1161, iter: 728,700, lr:(2.000e-04,)] [eta: 2:13:55, time (data): 0.338 (0.003)] l_pix: 3.9243e-02 
2024-04-23 13:58:18,929 INFO: [train..][epoch:1162, iter: 728,800, lr:(2.000e-04,)] [eta: 2:13:24, time (data): 0.582 (0.244)] l_pix: 3.1627e-02 
2024-04-23 13:58:52,638 INFO: [train..][epoch:1162, iter: 728,900, lr:(2.000e-04,)] [eta: 2:12:44, time (data): 0.426 (0.091)] l_pix: 3.7333e-02 
2024-04-23 13:59:26,377 INFO: [train..][epoch:1162, iter: 729,000, lr:(2.000e-04,)] [eta: 2:12:03, time (data): 0.338 (0.003)] l_pix: 3.7860e-02 
2024-04-23 14:00:00,158 INFO: [train..][epoch:1162, iter: 729,100, lr:(2.000e-04,)] [eta: 2:11:22, time (data): 0.338 (0.004)] l_pix: 3.5638e-02 
2024-04-23 14:00:34,026 INFO: [train..][epoch:1162, iter: 729,200, lr:(2.000e-04,)] [eta: 2:10:42, time (data): 0.339 (0.003)] l_pix: 3.4648e-02 
2024-04-23 14:01:07,749 INFO: [train..][epoch:1162, iter: 729,300, lr:(2.000e-04,)] [eta: 2:10:01, time (data): 0.338 (0.004)] l_pix: 3.1133e-02 
2024-04-23 14:01:55,363 INFO: [train..][epoch:1163, iter: 729,400, lr:(2.000e-04,)] [eta: 2:09:31, time (data): 0.593 (0.256)] l_pix: 3.0724e-02 
2024-04-23 14:02:29,098 INFO: [train..][epoch:1163, iter: 729,500, lr:(2.000e-04,)] [eta: 2:08:50, time (data): 0.427 (0.092)] l_pix: 3.0186e-02 
2024-04-23 14:03:02,806 INFO: [train..][epoch:1163, iter: 729,600, lr:(2.000e-04,)] [eta: 2:08:10, time (data): 0.337 (0.005)] l_pix: 2.9490e-02 
2024-04-23 14:03:36,651 INFO: [train..][epoch:1163, iter: 729,700, lr:(2.000e-04,)] [eta: 2:07:29, time (data): 0.338 (0.004)] l_pix: 3.1181e-02 
2024-04-23 14:04:10,373 INFO: [train..][epoch:1163, iter: 729,800, lr:(2.000e-04,)] [eta: 2:06:49, time (data): 0.337 (0.005)] l_pix: 2.8208e-02 
2024-04-23 14:04:44,166 INFO: [train..][epoch:1163, iter: 729,900, lr:(2.000e-04,)] [eta: 2:06:09, time (data): 0.337 (0.003)] l_pix: 3.4642e-02 
2024-04-23 14:05:17,902 INFO: [train..][epoch:1163, iter: 730,000, lr:(2.000e-04,)] [eta: 2:05:28, time (data): 0.337 (0.003)] l_pix: 4.0426e-02 
2024-04-23 14:05:17,902 INFO: Saving models and training states.
2024-04-23 14:06:48,819 INFO: Validation FFHQ_val
	 # psnr: 26.3856	Best: 26.3876 @ 715000 iter
	 # niqe: 0.7588	Best: 0.7588 @ 730000 iter

2024-04-23 14:07:36,598 INFO: [train..][epoch:1164, iter: 730,100, lr:(2.000e-04,)] [eta: 2:05:58, time (data): 0.430 (0.093)] l_pix: 3.2175e-02 
2024-04-23 14:08:10,349 INFO: [train..][epoch:1164, iter: 730,200, lr:(2.000e-04,)] [eta: 2:05:17, time (data): 0.337 (0.004)] l_pix: 3.7682e-02 
2024-04-23 14:08:44,117 INFO: [train..][epoch:1164, iter: 730,300, lr:(2.000e-04,)] [eta: 2:04:36, time (data): 0.338 (0.004)] l_pix: 3.5194e-02 
2024-04-23 14:09:17,813 INFO: [train..][epoch:1164, iter: 730,400, lr:(2.000e-04,)] [eta: 2:03:55, time (data): 0.338 (0.003)] l_pix: 2.8922e-02 
2024-04-23 14:09:51,642 INFO: [train..][epoch:1164, iter: 730,500, lr:(2.000e-04,)] [eta: 2:03:15, time (data): 0.338 (0.004)] l_pix: 3.7528e-02 
2024-04-23 14:10:25,349 INFO: [train..][epoch:1164, iter: 730,600, lr:(2.000e-04,)] [eta: 2:02:34, time (data): 0.337 (0.002)] l_pix: 3.8707e-02 
2024-04-23 14:11:12,953 INFO: [train..][epoch:1165, iter: 730,700, lr:(2.000e-04,)] [eta: 2:02:02, time (data): 0.431 (0.095)] l_pix: 3.0123e-02 
2024-04-23 14:11:46,633 INFO: [train..][epoch:1165, iter: 730,800, lr:(2.000e-04,)] [eta: 2:01:22, time (data): 0.337 (0.005)] l_pix: 3.6479e-02 
2024-04-23 14:12:20,579 INFO: [train..][epoch:1165, iter: 730,900, lr:(2.000e-04,)] [eta: 2:00:41, time (data): 0.339 (0.004)] l_pix: 3.1696e-02 
2024-04-23 14:12:54,306 INFO: [train..][epoch:1165, iter: 731,000, lr:(2.000e-04,)] [eta: 2:00:01, time (data): 0.337 (0.004)] l_pix: 2.7014e-02 
2024-04-23 14:13:28,213 INFO: [train..][epoch:1165, iter: 731,100, lr:(2.000e-04,)] [eta: 1:59:21, time (data): 0.338 (0.004)] l_pix: 3.8252e-02 
2024-04-23 14:14:01,913 INFO: [train..][epoch:1165, iter: 731,200, lr:(2.000e-04,)] [eta: 1:58:40, time (data): 0.337 (0.003)] l_pix: 4.2149e-02 
2024-04-23 14:14:49,562 INFO: [train..][epoch:1166, iter: 731,300, lr:(2.000e-04,)] [eta: 1:58:08, time (data): 0.433 (0.098)] l_pix: 3.1781e-02 
2024-04-23 14:15:23,334 INFO: [train..][epoch:1166, iter: 731,400, lr:(2.000e-04,)] [eta: 1:57:28, time (data): 0.338 (0.006)] l_pix: 2.9858e-02 
2024-04-23 14:15:57,045 INFO: [train..][epoch:1166, iter: 731,500, lr:(2.000e-04,)] [eta: 1:56:47, time (data): 0.337 (0.004)] l_pix: 3.1439e-02 
2024-04-23 14:16:30,817 INFO: [train..][epoch:1166, iter: 731,600, lr:(2.000e-04,)] [eta: 1:56:07, time (data): 0.339 (0.002)] l_pix: 3.0006e-02 
2024-04-23 14:17:04,731 INFO: [train..][epoch:1166, iter: 731,700, lr:(2.000e-04,)] [eta: 1:55:27, time (data): 0.339 (0.003)] l_pix: 3.7522e-02 
2024-04-23 14:17:38,420 INFO: [train..][epoch:1166, iter: 731,800, lr:(2.000e-04,)] [eta: 1:54:47, time (data): 0.337 (0.003)] l_pix: 3.1602e-02 
2024-04-23 14:18:25,922 INFO: [train..][epoch:1167, iter: 731,900, lr:(2.000e-04,)] [eta: 1:54:14, time (data): 0.434 (0.099)] l_pix: 3.1095e-02 
2024-04-23 14:18:59,554 INFO: [train..][epoch:1167, iter: 732,000, lr:(2.000e-04,)] [eta: 1:53:34, time (data): 0.335 (0.004)] l_pix: 3.5021e-02 
2024-04-23 14:19:33,474 INFO: [train..][epoch:1167, iter: 732,100, lr:(2.000e-04,)] [eta: 1:52:54, time (data): 0.338 (0.003)] l_pix: 3.2590e-02 
2024-04-23 14:20:07,095 INFO: [train..][epoch:1167, iter: 732,200, lr:(2.000e-04,)] [eta: 1:52:14, time (data): 0.337 (0.004)] l_pix: 3.2985e-02 
2024-04-23 14:20:40,865 INFO: [train..][epoch:1167, iter: 732,300, lr:(2.000e-04,)] [eta: 1:51:34, time (data): 0.338 (0.004)] l_pix: 2.7355e-02 
2024-04-23 14:21:14,679 INFO: [train..][epoch:1167, iter: 732,400, lr:(2.000e-04,)] [eta: 1:50:54, time (data): 0.337 (0.004)] l_pix: 4.3682e-02 
2024-04-23 14:21:48,418 INFO: [train..][epoch:1167, iter: 732,500, lr:(2.000e-04,)] [eta: 1:50:14, time (data): 0.337 (0.004)] l_pix: 3.0517e-02 
2024-04-23 14:22:36,021 INFO: [train..][epoch:1168, iter: 732,600, lr:(2.000e-04,)] [eta: 1:49:41, time (data): 0.339 (0.002)] l_pix: 3.7339e-02 
2024-04-23 14:23:09,758 INFO: [train..][epoch:1168, iter: 732,700, lr:(2.000e-04,)] [eta: 1:49:01, time (data): 0.338 (0.003)] l_pix: 3.6376e-02 
2024-04-23 14:23:43,425 INFO: [train..][epoch:1168, iter: 732,800, lr:(2.000e-04,)] [eta: 1:48:21, time (data): 0.336 (0.002)] l_pix: 3.6527e-02 
2024-04-23 14:24:17,207 INFO: [train..][epoch:1168, iter: 732,900, lr:(2.000e-04,)] [eta: 1:47:41, time (data): 0.337 (0.003)] l_pix: 4.2388e-02 
2024-04-23 14:24:50,948 INFO: [train..][epoch:1168, iter: 733,000, lr:(2.000e-04,)] [eta: 1:47:02, time (data): 0.337 (0.004)] l_pix: 3.5802e-02 
2024-04-23 14:25:24,707 INFO: [train..][epoch:1168, iter: 733,100, lr:(2.000e-04,)] [eta: 1:46:22, time (data): 0.337 (0.004)] l_pix: 3.6484e-02 
2024-04-23 14:26:12,345 INFO: [train..][epoch:1169, iter: 733,200, lr:(2.000e-04,)] [eta: 1:45:49, time (data): 0.339 (0.004)] l_pix: 3.4127e-02 
2024-04-23 14:26:46,030 INFO: [train..][epoch:1169, iter: 733,300, lr:(2.000e-04,)] [eta: 1:45:09, time (data): 0.337 (0.004)] l_pix: 3.4078e-02 
2024-04-23 14:27:19,884 INFO: [train..][epoch:1169, iter: 733,400, lr:(2.000e-04,)] [eta: 1:44:29, time (data): 0.339 (0.002)] l_pix: 4.0336e-02 
2024-04-23 14:27:53,565 INFO: [train..][epoch:1169, iter: 733,500, lr:(2.000e-04,)] [eta: 1:43:50, time (data): 0.337 (0.003)] l_pix: 3.9881e-02 
2024-04-23 14:28:27,407 INFO: [train..][epoch:1169, iter: 733,600, lr:(2.000e-04,)] [eta: 1:43:10, time (data): 0.338 (0.003)] l_pix: 2.9942e-02 
2024-04-23 14:29:01,248 INFO: [train..][epoch:1169, iter: 733,700, lr:(2.000e-04,)] [eta: 1:42:30, time (data): 0.338 (0.003)] l_pix: 3.0123e-02 
2024-04-23 14:29:48,907 INFO: [train..][epoch:1170, iter: 733,800, lr:(2.000e-04,)] [eta: 1:41:57, time (data): 0.337 (0.001)] l_pix: 3.4005e-02 
2024-04-23 14:30:22,519 INFO: [train..][epoch:1170, iter: 733,900, lr:(2.000e-04,)] [eta: 1:41:18, time (data): 0.336 (0.003)] l_pix: 3.9572e-02 
2024-04-23 14:30:56,138 INFO: [train..][epoch:1170, iter: 734,000, lr:(2.000e-04,)] [eta: 1:40:38, time (data): 0.338 (0.003)] l_pix: 3.5985e-02 
2024-04-23 14:31:29,910 INFO: [train..][epoch:1170, iter: 734,100, lr:(2.000e-04,)] [eta: 1:39:58, time (data): 0.338 (0.003)] l_pix: 3.6242e-02 
2024-04-23 14:32:03,864 INFO: [train..][epoch:1170, iter: 734,200, lr:(2.000e-04,)] [eta: 1:39:19, time (data): 0.341 (0.006)] l_pix: 3.2365e-02 
2024-04-23 14:32:37,594 INFO: [train..][epoch:1170, iter: 734,300, lr:(2.000e-04,)] [eta: 1:38:39, time (data): 0.338 (0.004)] l_pix: 3.2126e-02 
2024-04-23 14:33:25,111 INFO: [train..][epoch:1171, iter: 734,400, lr:(2.000e-04,)] [eta: 1:38:06, time (data): 0.815 (0.473)] l_pix: 3.0448e-02 
2024-04-23 14:33:58,795 INFO: [train..][epoch:1171, iter: 734,500, lr:(2.000e-04,)] [eta: 1:37:26, time (data): 0.444 (0.109)] l_pix: 3.7861e-02 
2024-04-23 14:34:32,699 INFO: [train..][epoch:1171, iter: 734,600, lr:(2.000e-04,)] [eta: 1:36:47, time (data): 0.341 (0.004)] l_pix: 3.0723e-02 
2024-04-23 14:35:06,476 INFO: [train..][epoch:1171, iter: 734,700, lr:(2.000e-04,)] [eta: 1:36:08, time (data): 0.339 (0.003)] l_pix: 4.0350e-02 
2024-04-23 14:35:40,396 INFO: [train..][epoch:1171, iter: 734,800, lr:(2.000e-04,)] [eta: 1:35:28, time (data): 0.339 (0.002)] l_pix: 3.5138e-02 
2024-04-23 14:36:14,270 INFO: [train..][epoch:1171, iter: 734,900, lr:(2.000e-04,)] [eta: 1:34:49, time (data): 0.339 (0.004)] l_pix: 3.1473e-02 
2024-04-23 14:36:47,974 INFO: [train..][epoch:1171, iter: 735,000, lr:(2.000e-04,)] [eta: 1:34:09, time (data): 0.337 (0.003)] l_pix: 3.1649e-02 
2024-04-23 14:36:47,974 INFO: Saving models and training states.
2024-04-23 14:38:26,451 INFO: Validation FFHQ_val
	 # psnr: 26.3858	Best: 26.3876 @ 715000 iter
	 # niqe: 0.7587	Best: 0.7588 @ 730000 iter

2024-04-23 14:39:14,000 INFO: [train..][epoch:1172, iter: 735,100, lr:(2.000e-04,)] [eta: 1:34:18, time (data): 0.447 (0.111)] l_pix: 3.2923e-02 
2024-04-23 14:39:47,920 INFO: [train..][epoch:1172, iter: 735,200, lr:(2.000e-04,)] [eta: 1:33:38, time (data): 0.339 (0.003)] l_pix: 3.7615e-02 
2024-04-23 14:40:21,934 INFO: [train..][epoch:1172, iter: 735,300, lr:(2.000e-04,)] [eta: 1:32:58, time (data): 0.340 (0.005)] l_pix: 3.4661e-02 
2024-04-23 14:40:55,789 INFO: [train..][epoch:1172, iter: 735,400, lr:(2.000e-04,)] [eta: 1:32:19, time (data): 0.337 (0.005)] l_pix: 3.7599e-02 
2024-04-23 14:41:29,683 INFO: [train..][epoch:1172, iter: 735,500, lr:(2.000e-04,)] [eta: 1:31:39, time (data): 0.339 (0.004)] l_pix: 3.6302e-02 
2024-04-23 14:42:03,455 INFO: [train..][epoch:1172, iter: 735,600, lr:(2.000e-04,)] [eta: 1:31:00, time (data): 0.337 (0.006)] l_pix: 3.4048e-02 
2024-04-23 14:42:51,020 INFO: [train..][epoch:1173, iter: 735,700, lr:(2.000e-04,)] [eta: 1:30:26, time (data): 0.450 (0.115)] l_pix: 3.0525e-02 
2024-04-23 14:43:24,859 INFO: [train..][epoch:1173, iter: 735,800, lr:(2.000e-04,)] [eta: 1:29:46, time (data): 0.340 (0.004)] l_pix: 3.1050e-02 
2024-04-23 14:43:58,634 INFO: [train..][epoch:1173, iter: 735,900, lr:(2.000e-04,)] [eta: 1:29:06, time (data): 0.338 (0.005)] l_pix: 3.5594e-02 
2024-04-23 14:44:32,498 INFO: [train..][epoch:1173, iter: 736,000, lr:(2.000e-04,)] [eta: 1:28:27, time (data): 0.337 (0.005)] l_pix: 2.7276e-02 
2024-04-23 14:45:06,324 INFO: [train..][epoch:1173, iter: 736,100, lr:(2.000e-04,)] [eta: 1:27:47, time (data): 0.338 (0.005)] l_pix: 4.2605e-02 
2024-04-23 14:45:40,041 INFO: [train..][epoch:1173, iter: 736,200, lr:(2.000e-04,)] [eta: 1:27:08, time (data): 0.338 (0.002)] l_pix: 3.6578e-02 
2024-04-23 14:46:27,538 INFO: [train..][epoch:1174, iter: 736,300, lr:(2.000e-04,)] [eta: 1:26:34, time (data): 0.452 (0.117)] l_pix: 2.9301e-02 
2024-04-23 14:47:01,174 INFO: [train..][epoch:1174, iter: 736,400, lr:(2.000e-04,)] [eta: 1:25:54, time (data): 0.337 (0.006)] l_pix: 3.1755e-02 
2024-04-23 14:47:34,862 INFO: [train..][epoch:1174, iter: 736,500, lr:(2.000e-04,)] [eta: 1:25:15, time (data): 0.337 (0.005)] l_pix: 3.0718e-02 
2024-04-23 14:48:08,630 INFO: [train..][epoch:1174, iter: 736,600, lr:(2.000e-04,)] [eta: 1:24:35, time (data): 0.338 (0.003)] l_pix: 3.1924e-02 
2024-04-23 14:48:42,294 INFO: [train..][epoch:1174, iter: 736,700, lr:(2.000e-04,)] [eta: 1:23:56, time (data): 0.337 (0.004)] l_pix: 4.1279e-02 
2024-04-23 14:49:16,041 INFO: [train..][epoch:1174, iter: 736,800, lr:(2.000e-04,)] [eta: 1:23:17, time (data): 0.337 (0.002)] l_pix: 3.7272e-02 
2024-04-23 14:50:03,472 INFO: [train..][epoch:1175, iter: 736,900, lr:(2.000e-04,)] [eta: 1:22:42, time (data): 0.454 (0.119)] l_pix: 3.1923e-02 
2024-04-23 14:50:37,375 INFO: [train..][epoch:1175, iter: 737,000, lr:(2.000e-04,)] [eta: 1:22:03, time (data): 0.336 (0.003)] l_pix: 3.1646e-02 
2024-04-23 14:51:11,097 INFO: [train..][epoch:1175, iter: 737,100, lr:(2.000e-04,)] [eta: 1:21:23, time (data): 0.337 (0.004)] l_pix: 3.4001e-02 
2024-04-23 14:51:44,937 INFO: [train..][epoch:1175, iter: 737,200, lr:(2.000e-04,)] [eta: 1:20:44, time (data): 0.338 (0.005)] l_pix: 3.5945e-02 
2024-04-23 14:52:18,695 INFO: [train..][epoch:1175, iter: 737,300, lr:(2.000e-04,)] [eta: 1:20:05, time (data): 0.338 (0.004)] l_pix: 3.3112e-02 
2024-04-23 14:52:52,360 INFO: [train..][epoch:1175, iter: 737,400, lr:(2.000e-04,)] [eta: 1:19:26, time (data): 0.335 (0.001)] l_pix: 2.8352e-02 
2024-04-23 14:53:26,162 INFO: [train..][epoch:1175, iter: 737,500, lr:(2.000e-04,)] [eta: 1:18:47, time (data): 0.338 (0.004)] l_pix: 3.1924e-02 
2024-04-23 14:54:13,736 INFO: [train..][epoch:1176, iter: 737,600, lr:(2.000e-04,)] [eta: 1:18:12, time (data): 0.338 (0.003)] l_pix: 3.0164e-02 
2024-04-23 14:54:47,565 INFO: [train..][epoch:1176, iter: 737,700, lr:(2.000e-04,)] [eta: 1:17:33, time (data): 0.338 (0.003)] l_pix: 2.9370e-02 
2024-04-23 14:55:21,189 INFO: [train..][epoch:1176, iter: 737,800, lr:(2.000e-04,)] [eta: 1:16:54, time (data): 0.336 (0.004)] l_pix: 3.6297e-02 
2024-04-23 14:55:54,955 INFO: [train..][epoch:1176, iter: 737,900, lr:(2.000e-04,)] [eta: 1:16:14, time (data): 0.337 (0.004)] l_pix: 3.2780e-02 
2024-04-23 14:56:28,646 INFO: [train..][epoch:1176, iter: 738,000, lr:(2.000e-04,)] [eta: 1:15:35, time (data): 0.339 (0.005)] l_pix: 2.7945e-02 
2024-04-23 14:57:02,415 INFO: [train..][epoch:1176, iter: 738,100, lr:(2.000e-04,)] [eta: 1:14:56, time (data): 0.338 (0.003)] l_pix: 3.0123e-02 
2024-04-23 14:57:50,067 INFO: [train..][epoch:1177, iter: 738,200, lr:(2.000e-04,)] [eta: 1:14:22, time (data): 0.343 (0.004)] l_pix: 3.5735e-02 
2024-04-23 14:58:23,913 INFO: [train..][epoch:1177, iter: 738,300, lr:(2.000e-04,)] [eta: 1:13:43, time (data): 0.339 (0.003)] l_pix: 3.3683e-02 
2024-04-23 14:58:57,723 INFO: [train..][epoch:1177, iter: 738,400, lr:(2.000e-04,)] [eta: 1:13:04, time (data): 0.340 (0.002)] l_pix: 2.9677e-02 
2024-04-23 14:59:31,858 INFO: [train..][epoch:1177, iter: 738,500, lr:(2.000e-04,)] [eta: 1:12:25, time (data): 0.341 (0.004)] l_pix: 3.2602e-02 
2024-04-23 15:00:06,065 INFO: [train..][epoch:1177, iter: 738,600, lr:(2.000e-04,)] [eta: 1:11:46, time (data): 0.337 (0.005)] l_pix: 3.5059e-02 
2024-04-23 15:00:39,773 INFO: [train..][epoch:1177, iter: 738,700, lr:(2.000e-04,)] [eta: 1:11:07, time (data): 0.337 (0.003)] l_pix: 3.2165e-02 
2024-04-23 15:01:27,345 INFO: [train..][epoch:1178, iter: 738,800, lr:(2.000e-04,)] [eta: 1:10:32, time (data): 0.338 (0.000)] l_pix: 3.3757e-02 
2024-04-23 15:02:01,276 INFO: [train..][epoch:1178, iter: 738,900, lr:(2.000e-04,)] [eta: 1:09:53, time (data): 0.339 (0.003)] l_pix: 3.4341e-02 
2024-04-23 15:02:35,037 INFO: [train..][epoch:1178, iter: 739,000, lr:(2.000e-04,)] [eta: 1:09:14, time (data): 0.339 (0.006)] l_pix: 3.3922e-02 
2024-04-23 15:03:08,929 INFO: [train..][epoch:1178, iter: 739,100, lr:(2.000e-04,)] [eta: 1:08:35, time (data): 0.339 (0.004)] l_pix: 3.1329e-02 
2024-04-23 15:03:42,813 INFO: [train..][epoch:1178, iter: 739,200, lr:(2.000e-04,)] [eta: 1:07:56, time (data): 0.337 (0.000)] l_pix: 3.6807e-02 
2024-04-23 15:04:16,594 INFO: [train..][epoch:1178, iter: 739,300, lr:(2.000e-04,)] [eta: 1:07:18, time (data): 0.338 (0.004)] l_pix: 3.1789e-02 
2024-04-23 15:05:04,401 INFO: [train..][epoch:1179, iter: 739,400, lr:(2.000e-04,)] [eta: 1:06:43, time (data): 0.343 (0.000)] l_pix: 3.5784e-02 
2024-04-23 15:05:38,014 INFO: [train..][epoch:1179, iter: 739,500, lr:(2.000e-04,)] [eta: 1:06:04, time (data): 0.336 (0.002)] l_pix: 3.2699e-02 
2024-04-23 15:06:11,788 INFO: [train..][epoch:1179, iter: 739,600, lr:(2.000e-04,)] [eta: 1:05:25, time (data): 0.341 (0.005)] l_pix: 3.4141e-02 
2024-04-23 15:06:45,550 INFO: [train..][epoch:1179, iter: 739,700, lr:(2.000e-04,)] [eta: 1:04:46, time (data): 0.338 (0.004)] l_pix: 3.5058e-02 
2024-04-23 15:07:19,287 INFO: [train..][epoch:1179, iter: 739,800, lr:(2.000e-04,)] [eta: 1:04:07, time (data): 0.337 (0.007)] l_pix: 4.5750e-02 
2024-04-23 15:07:53,137 INFO: [train..][epoch:1179, iter: 739,900, lr:(2.000e-04,)] [eta: 1:03:29, time (data): 0.338 (0.004)] l_pix: 3.0308e-02 
2024-04-23 15:08:26,895 INFO: [train..][epoch:1179, iter: 740,000, lr:(2.000e-04,)] [eta: 1:02:50, time (data): 0.331 (0.016)] l_pix: 3.7214e-02 
2024-04-23 15:08:26,911 INFO: Saving models and training states.
2024-04-23 15:10:03,480 INFO: Validation FFHQ_val
	 # psnr: 26.3828	Best: 26.3876 @ 715000 iter
	 # niqe: 0.7589	Best: 0.7589 @ 740000 iter

2024-04-23 15:10:52,733 INFO: [train..][epoch:1180, iter: 740,100, lr:(2.000e-04,)] [eta: 1:02:39, time (data): 0.491 (0.139)] l_pix: 3.2396e-02 
2024-04-23 15:11:28,088 INFO: [train..][epoch:1180, iter: 740,200, lr:(2.000e-04,)] [eta: 1:02:00, time (data): 0.422 (0.071)] l_pix: 2.9974e-02 
2024-04-23 15:12:03,475 INFO: [train..][epoch:1180, iter: 740,300, lr:(2.000e-04,)] [eta: 1:01:22, time (data): 0.354 (0.004)] l_pix: 3.3749e-02 
2024-04-23 15:12:38,854 INFO: [train..][epoch:1180, iter: 740,400, lr:(2.000e-04,)] [eta: 1:00:43, time (data): 0.354 (0.004)] l_pix: 3.7462e-02 
2024-04-23 15:13:14,239 INFO: [train..][epoch:1180, iter: 740,500, lr:(2.000e-04,)] [eta: 1:00:05, time (data): 0.354 (0.004)] l_pix: 4.2138e-02 
2024-04-23 15:13:49,508 INFO: [train..][epoch:1180, iter: 740,600, lr:(2.000e-04,)] [eta: 0:59:26, time (data): 0.353 (0.004)] l_pix: 3.5458e-02 
2024-04-23 15:14:38,817 INFO: [train..][epoch:1181, iter: 740,700, lr:(2.000e-04,)] [eta: 0:58:51, time (data): 0.496 (0.143)] l_pix: 3.3918e-02 
2024-04-23 15:15:14,036 INFO: [train..][epoch:1181, iter: 740,800, lr:(2.000e-04,)] [eta: 0:58:12, time (data): 0.423 (0.073)] l_pix: 3.5327e-02 
2024-04-23 15:15:49,295 INFO: [train..][epoch:1181, iter: 740,900, lr:(2.000e-04,)] [eta: 0:57:33, time (data): 0.352 (0.005)] l_pix: 3.5652e-02 
2024-04-23 15:16:24,579 INFO: [train..][epoch:1181, iter: 741,000, lr:(2.000e-04,)] [eta: 0:56:55, time (data): 0.353 (0.005)] l_pix: 2.6924e-02 
2024-04-23 15:16:59,895 INFO: [train..][epoch:1181, iter: 741,100, lr:(2.000e-04,)] [eta: 0:56:16, time (data): 0.353 (0.006)] l_pix: 3.5071e-02 
2024-04-23 15:17:35,359 INFO: [train..][epoch:1181, iter: 741,200, lr:(2.000e-04,)] [eta: 0:55:38, time (data): 0.354 (0.005)] l_pix: 3.6504e-02 
2024-04-23 15:18:28,988 INFO: [train..][epoch:1182, iter: 741,300, lr:(2.000e-04,)] [eta: 0:55:03, time (data): 0.546 (0.193)] l_pix: 3.7663e-02 
2024-04-23 15:19:04,276 INFO: [train..][epoch:1182, iter: 741,400, lr:(2.000e-04,)] [eta: 0:54:25, time (data): 0.447 (0.096)] l_pix: 2.6498e-02 
2024-04-23 15:19:39,577 INFO: [train..][epoch:1182, iter: 741,500, lr:(2.000e-04,)] [eta: 0:53:46, time (data): 0.353 (0.004)] l_pix: 3.0319e-02 
2024-04-23 15:20:14,851 INFO: [train..][epoch:1182, iter: 741,600, lr:(2.000e-04,)] [eta: 0:53:08, time (data): 0.353 (0.004)] l_pix: 3.7926e-02 
2024-04-23 15:20:50,316 INFO: [train..][epoch:1182, iter: 741,700, lr:(2.000e-04,)] [eta: 0:52:29, time (data): 0.354 (0.004)] l_pix: 3.0228e-02 
2024-04-23 15:21:25,605 INFO: [train..][epoch:1182, iter: 741,800, lr:(2.000e-04,)] [eta: 0:51:51, time (data): 0.354 (0.005)] l_pix: 3.7353e-02 
2024-04-23 15:22:14,852 INFO: [train..][epoch:1183, iter: 741,900, lr:(2.000e-04,)] [eta: 0:51:15, time (data): 0.504 (0.151)] l_pix: 3.5936e-02 
2024-04-23 15:22:50,214 INFO: [train..][epoch:1183, iter: 742,000, lr:(2.000e-04,)] [eta: 0:50:37, time (data): 0.426 (0.075)] l_pix: 3.3125e-02 
2024-04-23 15:23:25,531 INFO: [train..][epoch:1183, iter: 742,100, lr:(2.000e-04,)] [eta: 0:49:58, time (data): 0.353 (0.005)] l_pix: 3.1340e-02 
2024-04-23 15:24:00,883 INFO: [train..][epoch:1183, iter: 742,200, lr:(2.000e-04,)] [eta: 0:49:20, time (data): 0.353 (0.004)] l_pix: 3.2507e-02 
2024-04-23 15:24:36,311 INFO: [train..][epoch:1183, iter: 742,300, lr:(2.000e-04,)] [eta: 0:48:41, time (data): 0.354 (0.005)] l_pix: 3.4741e-02 
2024-04-23 15:25:11,745 INFO: [train..][epoch:1183, iter: 742,400, lr:(2.000e-04,)] [eta: 0:48:03, time (data): 0.354 (0.004)] l_pix: 3.1940e-02 
2024-04-23 15:25:47,112 INFO: [train..][epoch:1183, iter: 742,500, lr:(2.000e-04,)] [eta: 0:47:24, time (data): 0.354 (0.003)] l_pix: 3.3369e-02 
2024-04-23 15:26:36,245 INFO: [train..][epoch:1184, iter: 742,600, lr:(2.000e-04,)] [eta: 0:46:48, time (data): 0.427 (0.076)] l_pix: 3.0572e-02 
2024-04-23 15:27:11,541 INFO: [train..][epoch:1184, iter: 742,700, lr:(2.000e-04,)] [eta: 0:46:10, time (data): 0.353 (0.003)] l_pix: 3.4893e-02 
2024-04-23 15:27:46,907 INFO: [train..][epoch:1184, iter: 742,800, lr:(2.000e-04,)] [eta: 0:45:32, time (data): 0.353 (0.004)] l_pix: 3.1590e-02 
2024-04-23 15:28:22,227 INFO: [train..][epoch:1184, iter: 742,900, lr:(2.000e-04,)] [eta: 0:44:53, time (data): 0.354 (0.004)] l_pix: 2.8462e-02 
2024-04-23 15:28:57,634 INFO: [train..][epoch:1184, iter: 743,000, lr:(2.000e-04,)] [eta: 0:44:15, time (data): 0.354 (0.004)] l_pix: 3.0213e-02 
2024-04-23 15:29:32,967 INFO: [train..][epoch:1184, iter: 743,100, lr:(2.000e-04,)] [eta: 0:43:36, time (data): 0.354 (0.005)] l_pix: 4.0104e-02 
2024-04-23 15:30:22,214 INFO: [train..][epoch:1185, iter: 743,200, lr:(2.000e-04,)] [eta: 0:43:00, time (data): 0.428 (0.078)] l_pix: 3.4901e-02 
2024-04-23 15:30:57,564 INFO: [train..][epoch:1185, iter: 743,300, lr:(2.000e-04,)] [eta: 0:42:22, time (data): 0.353 (0.005)] l_pix: 3.0370e-02 
2024-04-23 15:31:32,795 INFO: [train..][epoch:1185, iter: 743,400, lr:(2.000e-04,)] [eta: 0:41:44, time (data): 0.353 (0.004)] l_pix: 3.4721e-02 
2024-04-23 15:32:07,988 INFO: [train..][epoch:1185, iter: 743,500, lr:(2.000e-04,)] [eta: 0:41:05, time (data): 0.352 (0.004)] l_pix: 3.3250e-02 
2024-04-23 15:32:43,431 INFO: [train..][epoch:1185, iter: 743,600, lr:(2.000e-04,)] [eta: 0:40:27, time (data): 0.353 (0.004)] l_pix: 3.1264e-02 
2024-04-23 15:33:18,900 INFO: [train..][epoch:1185, iter: 743,700, lr:(2.000e-04,)] [eta: 0:39:49, time (data): 0.354 (0.004)] l_pix: 2.8574e-02 
2024-04-23 15:34:08,004 INFO: [train..][epoch:1186, iter: 743,800, lr:(2.000e-04,)] [eta: 0:39:12, time (data): 0.429 (0.078)] l_pix: 3.4490e-02 
2024-04-23 15:34:43,246 INFO: [train..][epoch:1186, iter: 743,900, lr:(2.000e-04,)] [eta: 0:38:34, time (data): 0.352 (0.004)] l_pix: 2.9945e-02 
2024-04-23 15:35:18,463 INFO: [train..][epoch:1186, iter: 744,000, lr:(2.000e-04,)] [eta: 0:37:56, time (data): 0.352 (0.004)] l_pix: 3.7044e-02 
2024-04-23 15:35:53,731 INFO: [train..][epoch:1186, iter: 744,100, lr:(2.000e-04,)] [eta: 0:37:17, time (data): 0.353 (0.003)] l_pix: 3.6872e-02 
2024-04-23 15:36:29,127 INFO: [train..][epoch:1186, iter: 744,200, lr:(2.000e-04,)] [eta: 0:36:39, time (data): 0.353 (0.004)] l_pix: 3.3913e-02 
2024-04-23 15:37:04,593 INFO: [train..][epoch:1186, iter: 744,300, lr:(2.000e-04,)] [eta: 0:36:01, time (data): 0.354 (0.002)] l_pix: 3.3006e-02 
2024-04-23 15:37:53,657 INFO: [train..][epoch:1187, iter: 744,400, lr:(2.000e-04,)] [eta: 0:35:24, time (data): 0.430 (0.079)] l_pix: 3.4102e-02 
2024-04-23 15:38:28,957 INFO: [train..][epoch:1187, iter: 744,500, lr:(2.000e-04,)] [eta: 0:34:46, time (data): 0.353 (0.003)] l_pix: 4.1605e-02 
2024-04-23 15:39:04,304 INFO: [train..][epoch:1187, iter: 744,600, lr:(2.000e-04,)] [eta: 0:34:08, time (data): 0.353 (0.003)] l_pix: 2.9806e-02 
2024-04-23 15:39:39,651 INFO: [train..][epoch:1187, iter: 744,700, lr:(2.000e-04,)] [eta: 0:33:30, time (data): 0.353 (0.003)] l_pix: 3.4420e-02 
2024-04-23 15:40:15,204 INFO: [train..][epoch:1187, iter: 744,800, lr:(2.000e-04,)] [eta: 0:32:51, time (data): 0.355 (0.004)] l_pix: 3.1998e-02 
2024-04-23 15:40:50,439 INFO: [train..][epoch:1187, iter: 744,900, lr:(2.000e-04,)] [eta: 0:32:13, time (data): 0.352 (0.004)] l_pix: 3.4271e-02 
2024-04-23 15:41:25,741 INFO: [train..][epoch:1187, iter: 745,000, lr:(2.000e-04,)] [eta: 0:31:35, time (data): 0.352 (0.004)] l_pix: 3.9242e-02 
2024-04-23 15:41:25,741 INFO: Saving models and training states.
2024-04-23 15:42:55,868 INFO: Validation FFHQ_val
	 # psnr: 26.3837	Best: 26.3876 @ 715000 iter
	 # niqe: 0.7587	Best: 0.7589 @ 740000 iter

2024-04-23 15:43:45,148 INFO: [train..][epoch:1188, iter: 745,100, lr:(2.000e-04,)] [eta: 0:31:08, time (data): 0.353 (0.004)] l_pix: 2.9055e-02 
2024-04-23 15:44:20,540 INFO: [train..][epoch:1188, iter: 745,200, lr:(2.000e-04,)] [eta: 0:30:30, time (data): 0.353 (0.004)] l_pix: 3.4211e-02 
2024-04-23 15:44:55,933 INFO: [train..][epoch:1188, iter: 745,300, lr:(2.000e-04,)] [eta: 0:29:51, time (data): 0.354 (0.003)] l_pix: 3.6010e-02 
2024-04-23 15:45:31,183 INFO: [train..][epoch:1188, iter: 745,400, lr:(2.000e-04,)] [eta: 0:29:13, time (data): 0.353 (0.003)] l_pix: 3.5096e-02 
2024-04-23 15:46:06,577 INFO: [train..][epoch:1188, iter: 745,500, lr:(2.000e-04,)] [eta: 0:28:34, time (data): 0.354 (0.003)] l_pix: 2.8627e-02 
2024-04-23 15:46:41,902 INFO: [train..][epoch:1188, iter: 745,600, lr:(2.000e-04,)] [eta: 0:27:56, time (data): 0.353 (0.004)] l_pix: 3.2423e-02 
2024-04-23 15:47:30,905 INFO: [train..][epoch:1189, iter: 745,700, lr:(2.000e-04,)] [eta: 0:27:19, time (data): 0.351 (0.003)] l_pix: 3.0731e-02 
2024-04-23 15:48:06,074 INFO: [train..][epoch:1189, iter: 745,800, lr:(2.000e-04,)] [eta: 0:26:40, time (data): 0.352 (0.003)] l_pix: 3.2349e-02 
2024-04-23 15:48:41,479 INFO: [train..][epoch:1189, iter: 745,900, lr:(2.000e-04,)] [eta: 0:26:02, time (data): 0.354 (0.003)] l_pix: 3.3740e-02 
2024-04-23 15:49:16,679 INFO: [train..][epoch:1189, iter: 746,000, lr:(2.000e-04,)] [eta: 0:25:24, time (data): 0.353 (0.004)] l_pix: 3.3237e-02 
2024-04-23 15:49:52,784 INFO: [train..][epoch:1189, iter: 746,100, lr:(2.000e-04,)] [eta: 0:24:45, time (data): 0.365 (0.005)] l_pix: 3.1523e-02 
2024-04-23 15:50:28,609 INFO: [train..][epoch:1189, iter: 746,200, lr:(2.000e-04,)] [eta: 0:24:07, time (data): 0.361 (0.004)] l_pix: 2.8600e-02 
2024-04-23 15:51:17,729 INFO: [train..][epoch:1190, iter: 746,300, lr:(2.000e-04,)] [eta: 0:23:30, time (data): 0.551 (0.198)] l_pix: 3.9067e-02 
2024-04-23 15:51:53,051 INFO: [train..][epoch:1190, iter: 746,400, lr:(2.000e-04,)] [eta: 0:22:52, time (data): 0.435 (0.084)] l_pix: 3.2551e-02 
2024-04-23 15:52:28,282 INFO: [train..][epoch:1190, iter: 746,500, lr:(2.000e-04,)] [eta: 0:22:13, time (data): 0.352 (0.004)] l_pix: 3.8304e-02 
2024-04-23 15:53:03,671 INFO: [train..][epoch:1190, iter: 746,600, lr:(2.000e-04,)] [eta: 0:21:35, time (data): 0.353 (0.004)] l_pix: 3.1943e-02 
2024-04-23 15:53:39,008 INFO: [train..][epoch:1190, iter: 746,700, lr:(2.000e-04,)] [eta: 0:20:57, time (data): 0.353 (0.004)] l_pix: 3.1501e-02 
2024-04-23 15:54:14,263 INFO: [train..][epoch:1190, iter: 746,800, lr:(2.000e-04,)] [eta: 0:20:18, time (data): 0.353 (0.004)] l_pix: 3.7296e-02 
2024-04-23 15:55:03,519 INFO: [train..][epoch:1191, iter: 746,900, lr:(2.000e-04,)] [eta: 0:19:41, time (data): 0.561 (0.206)] l_pix: 3.2179e-02 
2024-04-23 15:55:38,930 INFO: [train..][epoch:1191, iter: 747,000, lr:(2.000e-04,)] [eta: 0:19:03, time (data): 0.437 (0.085)] l_pix: 3.0409e-02 
2024-04-23 15:56:14,214 INFO: [train..][epoch:1191, iter: 747,100, lr:(2.000e-04,)] [eta: 0:18:24, time (data): 0.352 (0.004)] l_pix: 3.7727e-02 
2024-04-23 15:56:49,666 INFO: [train..][epoch:1191, iter: 747,200, lr:(2.000e-04,)] [eta: 0:17:46, time (data): 0.354 (0.003)] l_pix: 3.0447e-02 
2024-04-23 15:57:25,093 INFO: [train..][epoch:1191, iter: 747,300, lr:(2.000e-04,)] [eta: 0:17:08, time (data): 0.354 (0.002)] l_pix: 3.2997e-02 
2024-04-23 15:58:00,290 INFO: [train..][epoch:1191, iter: 747,400, lr:(2.000e-04,)] [eta: 0:16:30, time (data): 0.353 (0.003)] l_pix: 3.1365e-02 
2024-04-23 15:58:35,575 INFO: [train..][epoch:1191, iter: 747,500, lr:(2.000e-04,)] [eta: 0:15:51, time (data): 0.353 (0.003)] l_pix: 4.0004e-02 
2024-04-23 15:59:24,887 INFO: [train..][epoch:1192, iter: 747,600, lr:(2.000e-04,)] [eta: 0:15:14, time (data): 0.438 (0.087)] l_pix: 3.5855e-02 
2024-04-23 16:00:00,154 INFO: [train..][epoch:1192, iter: 747,700, lr:(2.000e-04,)] [eta: 0:14:36, time (data): 0.353 (0.004)] l_pix: 4.7827e-02 
2024-04-23 16:00:35,405 INFO: [train..][epoch:1192, iter: 747,800, lr:(2.000e-04,)] [eta: 0:13:57, time (data): 0.353 (0.004)] l_pix: 4.0227e-02 
2024-04-23 16:01:10,703 INFO: [train..][epoch:1192, iter: 747,900, lr:(2.000e-04,)] [eta: 0:13:19, time (data): 0.353 (0.004)] l_pix: 3.6598e-02 
2024-04-23 16:01:46,040 INFO: [train..][epoch:1192, iter: 748,000, lr:(2.000e-04,)] [eta: 0:12:41, time (data): 0.353 (0.004)] l_pix: 3.7069e-02 
2024-04-23 16:02:21,263 INFO: [train..][epoch:1192, iter: 748,100, lr:(2.000e-04,)] [eta: 0:12:03, time (data): 0.352 (0.004)] l_pix: 3.0328e-02 
2024-04-23 16:03:10,294 INFO: [train..][epoch:1193, iter: 748,200, lr:(2.000e-04,)] [eta: 0:11:25, time (data): 0.438 (0.088)] l_pix: 2.7586e-02 
2024-04-23 16:03:45,591 INFO: [train..][epoch:1193, iter: 748,300, lr:(2.000e-04,)] [eta: 0:10:47, time (data): 0.353 (0.004)] l_pix: 3.2498e-02 
2024-04-23 16:04:20,904 INFO: [train..][epoch:1193, iter: 748,400, lr:(2.000e-04,)] [eta: 0:10:09, time (data): 0.353 (0.004)] l_pix: 3.7751e-02 
2024-04-23 16:04:56,305 INFO: [train..][epoch:1193, iter: 748,500, lr:(2.000e-04,)] [eta: 0:09:30, time (data): 0.354 (0.003)] l_pix: 3.6875e-02 
2024-04-23 16:05:31,532 INFO: [train..][epoch:1193, iter: 748,600, lr:(2.000e-04,)] [eta: 0:08:52, time (data): 0.353 (0.004)] l_pix: 3.0958e-02 
2024-04-23 16:06:06,969 INFO: [train..][epoch:1193, iter: 748,700, lr:(2.000e-04,)] [eta: 0:08:14, time (data): 0.355 (0.005)] l_pix: 2.5952e-02 
2024-04-23 16:06:55,945 INFO: [train..][epoch:1194, iter: 748,800, lr:(2.000e-04,)] [eta: 0:07:36, time (data): 0.440 (0.090)] l_pix: 3.5221e-02 
2024-04-23 16:07:31,253 INFO: [train..][epoch:1194, iter: 748,900, lr:(2.000e-04,)] [eta: 0:06:58, time (data): 0.352 (0.004)] l_pix: 3.2894e-02 
2024-04-23 16:08:06,484 INFO: [train..][epoch:1194, iter: 749,000, lr:(2.000e-04,)] [eta: 0:06:20, time (data): 0.352 (0.004)] l_pix: 2.9804e-02 
2024-04-23 16:08:41,923 INFO: [train..][epoch:1194, iter: 749,100, lr:(2.000e-04,)] [eta: 0:05:42, time (data): 0.353 (0.006)] l_pix: 3.3510e-02 
2024-04-23 16:09:17,187 INFO: [train..][epoch:1194, iter: 749,200, lr:(2.000e-04,)] [eta: 0:05:04, time (data): 0.353 (0.005)] l_pix: 3.8368e-02 
2024-04-23 16:09:52,524 INFO: [train..][epoch:1194, iter: 749,300, lr:(2.000e-04,)] [eta: 0:04:26, time (data): 0.353 (0.005)] l_pix: 3.7132e-02 
2024-04-23 16:10:42,270 INFO: [train..][epoch:1195, iter: 749,400, lr:(2.000e-04,)] [eta: 0:03:48, time (data): 0.446 (0.096)] l_pix: 3.2433e-02 
2024-04-23 16:11:17,676 INFO: [train..][epoch:1195, iter: 749,500, lr:(2.000e-04,)] [eta: 0:03:10, time (data): 0.354 (0.002)] l_pix: 3.2912e-02 
2024-04-23 16:11:53,062 INFO: [train..][epoch:1195, iter: 749,600, lr:(2.000e-04,)] [eta: 0:02:31, time (data): 0.354 (0.003)] l_pix: 3.2901e-02 
2024-04-23 16:12:28,418 INFO: [train..][epoch:1195, iter: 749,700, lr:(2.000e-04,)] [eta: 0:01:53, time (data): 0.355 (0.003)] l_pix: 3.4934e-02 
2024-04-23 16:13:03,703 INFO: [train..][epoch:1195, iter: 749,800, lr:(2.000e-04,)] [eta: 0:01:15, time (data): 0.354 (0.004)] l_pix: 3.4820e-02 
2024-04-23 16:13:38,858 INFO: [train..][epoch:1195, iter: 749,900, lr:(2.000e-04,)] [eta: 0:00:37, time (data): 0.352 (0.002)] l_pix: 3.1913e-02 
2024-04-23 16:14:14,029 INFO: [train..][epoch:1195, iter: 750,000, lr:(2.000e-04,)] [eta: 0:00:00, time (data): 0.352 (0.003)] l_pix: 3.2941e-02 
2024-04-23 16:14:14,029 INFO: Saving models and training states.
2024-04-23 16:15:38,917 INFO: Validation FFHQ_val
	 # psnr: 26.3863	Best: 26.3876 @ 715000 iter
	 # niqe: 0.7588	Best: 0.7589 @ 740000 iter

2024-04-23 16:16:47,103 INFO: End of training. Time consumed: 5:19:30
2024-04-23 16:16:47,103 INFO: Save the latest model.
2024-04-23 16:18:12,464 INFO: Validation FFHQ_val
	 # psnr: 26.3863	Best: 26.3876 @ 715000 iter
	 # niqe: 0.7588	Best: 0.7589 @ 740000 iter

